{"/home/travis/build/npmtest/node-npmtest-hamljs/test.js":{"path":"/home/travis/build/npmtest/node-npmtest-hamljs/test.js","s":{"1":2,"2":2,"3":2,"4":2,"5":2,"6":2,"7":2,"8":1,"9":2,"10":2,"11":1,"12":1,"13":1,"14":1,"15":2,"16":2,"17":2,"18":2,"19":1,"20":1,"21":2,"22":2,"23":2,"24":1,"25":1,"26":1,"27":1,"28":1,"29":1,"30":1,"31":1,"32":1,"33":1,"34":1,"35":1,"36":1,"37":1,"38":1,"39":2,"40":2,"41":1,"42":2,"43":2,"44":1,"45":2,"46":2,"47":1,"48":2,"49":2,"50":1,"51":1,"52":1,"53":1,"54":1},"b":{"1":[2,1,1,1],"2":[1,1,1,1],"3":[1,1],"4":[1,1],"5":[1,1],"6":[1,1],"7":[1,1],"8":[1,1],"9":[1,1],"10":[1,1,1],"11":[1,1],"12":[1,1],"13":[1,1],"14":[1,1],"15":[1,1],"16":[1,1],"17":[1,1]},"f":{"1":2,"2":2,"3":2,"4":2,"5":2,"6":1,"7":1,"8":1,"9":2,"10":2,"11":2,"12":2,"13":1},"fnMap":{"1":{"name":"(anonymous_1)","line":12,"loc":{"start":{"line":12,"column":1},"end":{"line":12,"column":13}}},"2":{"name":"(anonymous_2)","line":19,"loc":{"start":{"line":19,"column":5},"end":{"line":19,"column":17}}},"3":{"name":"(anonymous_3)","line":23,"loc":{"start":{"line":23,"column":24},"end":{"line":23,"column":36}}},"4":{"name":"(anonymous_4)","line":61,"loc":{"start":{"line":61,"column":5},"end":{"line":61,"column":17}}},"5":{"name":"(anonymous_5)","line":82,"loc":{"start":{"line":82,"column":5},"end":{"line":82,"column":17}}},"6":{"name":"(anonymous_6)","line":91,"loc":{"start":{"line":91,"column":77},"end":{"line":94,"column":10}}},"7":{"name":"(anonymous_7)","line":112,"loc":{"start":{"line":112,"column":83},"end":{"line":115,"column":10}},"skip":true},"8":{"name":"(anonymous_8)","line":123,"loc":{"start":{"line":123,"column":77},"end":{"line":126,"column":10}},"skip":true},"9":{"name":"(anonymous_9)","line":139,"loc":{"start":{"line":139,"column":12},"end":{"line":139,"column":40}},"skip":true},"10":{"name":"(anonymous_10)","line":147,"loc":{"start":{"line":147,"column":77},"end":{"line":150,"column":10}},"skip":true},"11":{"name":"(anonymous_11)","line":158,"loc":{"start":{"line":158,"column":83},"end":{"line":161,"column":10}},"skip":true},"12":{"name":"(anonymous_12)","line":169,"loc":{"start":{"line":169,"column":79},"end":{"line":172,"column":10}},"skip":true},"13":{"name":"(anonymous_13)","line":180,"loc":{"start":{"line":180,"column":75},"end":{"line":183,"column":10}},"skip":true}},"statementMap":{"1":{"start":{"line":12,"column":0},"end":{"line":195,"column":5}},"2":{"start":{"line":14,"column":4},"end":{"line":14,"column":14}},"3":{"start":{"line":19,"column":4},"end":{"line":56,"column":9}},"4":{"start":{"line":21,"column":8},"end":{"line":21,"column":19}},"5":{"start":{"line":23,"column":8},"end":{"line":35,"column":13}},"6":{"start":{"line":24,"column":12},"end":{"line":34,"column":13}},"7":{"start":{"line":25,"column":16},"end":{"line":28,"column":30}},"8":{"start":{"line":30,"column":16},"end":{"line":33,"column":27}},"9":{"start":{"line":37,"column":8},"end":{"line":39,"column":21}},"10":{"start":{"line":40,"column":8},"end":{"line":53,"column":9}},"11":{"start":{"line":43,"column":12},"end":{"line":46,"column":14}},"12":{"start":{"line":47,"column":12},"end":{"line":47,"column":18}},"13":{"start":{"line":50,"column":12},"end":{"line":51,"column":33}},"14":{"start":{"line":52,"column":12},"end":{"line":52,"column":18}},"15":{"start":{"line":55,"column":8},"end":{"line":55,"column":35}},"16":{"start":{"line":61,"column":4},"end":{"line":63,"column":9}},"17":{"start":{"line":62,"column":8},"end":{"line":62,"column":15}},"18":{"start":{"line":64,"column":4},"end":{"line":77,"column":5}},"19":{"start":{"line":70,"column":8},"end":{"line":70,"column":14}},"20":{"start":{"line":76,"column":8},"end":{"line":76,"column":14}},"21":{"start":{"line":82,"column":4},"end":{"line":84,"column":9}},"22":{"start":{"line":83,"column":8},"end":{"line":83,"column":15}},"23":{"start":{"line":85,"column":4},"end":{"line":194,"column":5}},"24":{"start":{"line":91,"column":8},"end":{"line":99,"column":10}},"25":{"start":{"line":98,"column":12},"end":{"line":98,"column":35}},"26":{"start":{"line":102,"column":8},"end":{"line":104,"column":63}},"27":{"start":{"line":105,"column":8},"end":{"line":105,"column":14}},"28":{"start":{"line":112,"column":8},"end":{"line":121,"column":10},"skip":true},"29":{"start":{"line":119,"column":12},"end":{"line":119,"column":55},"skip":true},"30":{"start":{"line":120,"column":12},"end":{"line":120,"column":48},"skip":true},"31":{"start":{"line":123,"column":8},"end":{"line":136,"column":10},"skip":true},"32":{"start":{"line":130,"column":12},"end":{"line":130,"column":76},"skip":true},"33":{"start":{"line":131,"column":12},"end":{"line":131,"column":73},"skip":true},"34":{"start":{"line":132,"column":12},"end":{"line":132,"column":74},"skip":true},"35":{"start":{"line":133,"column":12},"end":{"line":133,"column":79},"skip":true},"36":{"start":{"line":134,"column":12},"end":{"line":134,"column":25},"skip":true},"37":{"start":{"line":135,"column":12},"end":{"line":135,"column":45},"skip":true},"38":{"start":{"line":138,"column":8},"end":{"line":145,"column":14},"skip":true},"39":{"start":{"line":143,"column":16},"end":{"line":143,"column":29},"skip":true},"40":{"start":{"line":144,"column":16},"end":{"line":144,"column":55},"skip":true},"41":{"start":{"line":147,"column":8},"end":{"line":156,"column":10},"skip":true},"42":{"start":{"line":154,"column":12},"end":{"line":154,"column":25},"skip":true},"43":{"start":{"line":155,"column":12},"end":{"line":155,"column":45},"skip":true},"44":{"start":{"line":158,"column":8},"end":{"line":167,"column":10},"skip":true},"45":{"start":{"line":165,"column":12},"end":{"line":165,"column":25},"skip":true},"46":{"start":{"line":166,"column":12},"end":{"line":166,"column":48},"skip":true},"47":{"start":{"line":169,"column":8},"end":{"line":178,"column":10},"skip":true},"48":{"start":{"line":176,"column":12},"end":{"line":176,"column":25},"skip":true},"49":{"start":{"line":177,"column":12},"end":{"line":177,"column":46},"skip":true},"50":{"start":{"line":180,"column":8},"end":{"line":189,"column":10},"skip":true},"51":{"start":{"line":187,"column":12},"end":{"line":187,"column":94},"skip":true},"52":{"start":{"line":188,"column":12},"end":{"line":188,"column":48},"skip":true},"53":{"start":{"line":192,"column":8},"end":{"line":192,"column":35},"skip":true},"54":{"start":{"line":193,"column":8},"end":{"line":193,"column":14},"skip":true}},"branchMap":{"1":{"line":25,"type":"binary-expr","locations":[{"start":{"line":25,"column":23},"end":{"line":25,"column":62}},{"start":{"line":26,"column":20},"end":{"line":26,"column":70}},{"start":{"line":27,"column":20},"end":{"line":27,"column":71}},{"start":{"line":28,"column":20},"end":{"line":28,"column":29}}]},"2":{"line":30,"type":"binary-expr","locations":[{"start":{"line":30,"column":23},"end":{"line":30,"column":37}},{"start":{"line":31,"column":20},"end":{"line":31,"column":61}},{"start":{"line":32,"column":20},"end":{"line":32,"column":70}},{"start":{"line":33,"column":20},"end":{"line":33,"column":26}}]},"3":{"line":37,"type":"cond-expr","locations":[{"start":{"line":38,"column":14},"end":{"line":38,"column":20}},{"start":{"line":39,"column":14},"end":{"line":39,"column":20}}]},"4":{"line":40,"type":"switch","locations":[{"start":{"line":42,"column":8},"end":{"line":47,"column":18}},{"start":{"line":49,"column":8},"end":{"line":52,"column":18}}]},"5":{"line":44,"type":"binary-expr","locations":[{"start":{"line":44,"column":16},"end":{"line":44,"column":44}},{"start":{"line":44,"column":48},"end":{"line":44,"column":66}}]},"6":{"line":50,"type":"binary-expr","locations":[{"start":{"line":50,"column":21},"end":{"line":50,"column":49}},{"start":{"line":50,"column":53},"end":{"line":50,"column":72}}]},"7":{"line":64,"type":"switch","locations":[{"start":{"line":69,"column":4},"end":{"line":70,"column":14}},{"start":{"line":75,"column":4},"end":{"line":76,"column":14}}]},"8":{"line":85,"type":"switch","locations":[{"start":{"line":90,"column":4},"end":{"line":105,"column":14}},{"start":{"line":111,"column":4},"end":{"line":193,"column":14},"skip":true}]},"9":{"line":91,"type":"binary-expr","locations":[{"start":{"line":91,"column":42},"end":{"line":91,"column":73}},{"start":{"line":91,"column":77},"end":{"line":99,"column":9}}]},"10":{"line":102,"type":"binary-expr","locations":[{"start":{"line":102,"column":18},"end":{"line":102,"column":32}},{"start":{"line":103,"column":12},"end":{"line":103,"column":53}},{"start":{"line":104,"column":12},"end":{"line":104,"column":61}}]},"11":{"line":112,"type":"binary-expr","locations":[{"start":{"line":112,"column":45},"end":{"line":112,"column":79},"skip":true},{"start":{"line":112,"column":83},"end":{"line":121,"column":9},"skip":true}]},"12":{"line":123,"type":"binary-expr","locations":[{"start":{"line":123,"column":42},"end":{"line":123,"column":73},"skip":true},{"start":{"line":123,"column":77},"end":{"line":136,"column":9},"skip":true}]},"13":{"line":138,"type":"binary-expr","locations":[{"start":{"line":138,"column":48},"end":{"line":138,"column":85},"skip":true},{"start":{"line":139,"column":12},"end":{"line":145,"column":13},"skip":true}]},"14":{"line":147,"type":"binary-expr","locations":[{"start":{"line":147,"column":42},"end":{"line":147,"column":73},"skip":true},{"start":{"line":147,"column":77},"end":{"line":156,"column":9},"skip":true}]},"15":{"line":158,"type":"binary-expr","locations":[{"start":{"line":158,"column":45},"end":{"line":158,"column":79},"skip":true},{"start":{"line":158,"column":83},"end":{"line":167,"column":9},"skip":true}]},"16":{"line":169,"type":"binary-expr","locations":[{"start":{"line":169,"column":43},"end":{"line":169,"column":75},"skip":true},{"start":{"line":169,"column":79},"end":{"line":178,"column":9},"skip":true}]},"17":{"line":180,"type":"binary-expr","locations":[{"start":{"line":180,"column":41},"end":{"line":180,"column":71},"skip":true},{"start":{"line":180,"column":75},"end":{"line":189,"column":9},"skip":true}]}},"code":["/* istanbul instrument in package npmtest_hamljs */","/*jslint","    bitwise: true,","    browser: true,","    maxerr: 8,","    maxlen: 96,","    node: true,","    nomen: true,","    regexp: true,","    stupid: true","*/","(function () {","    'use strict';","    var local;","","","","    // run shared js-env code - pre-init","    (function () {","        // init local","        local = {};","        // init modeJs","        local.modeJs = (function () {","            try {","                return typeof navigator.userAgent === 'string' &&","                    typeof document.querySelector('body') === 'object' &&","                    typeof XMLHttpRequest.prototype.open === 'function' &&","                    'browser';","            } catch (errorCaughtBrowser) {","                return module.exports &&","                    typeof process.versions.node === 'string' &&","                    typeof require('http').createServer === 'function' &&","                    'node';","            }","        }());","        // init global","        local.global = local.modeJs === 'browser'","            ? window","            : global;","        switch (local.modeJs) {","        // re-init local from window.local","        case 'browser':","            local = local.global.utility2.objectSetDefault(","                local.global.utility2_rollup || local.global.local,","                local.global.utility2","            );","            break;","        // re-init local from example.js","        case 'node':","            local = (local.global.utility2_rollup || require('utility2'))","                .requireReadme();","            break;","        }","        // export local","        local.global.local = local;","    }());","","","","    // run shared js-env code - function","    (function () {","        return;","    }());","    switch (local.modeJs) {","","","","    // run browser js-env code - function","    case 'browser':","        break;","","","","    // run node js-env code - function","    case 'node':","        break;","    }","","","","    // run shared js-env code - post-init","    (function () {","        return;","    }());","    switch (local.modeJs) {","","","","    // run browser js-env code - post-init","    case 'browser':","        local.testCase_browser_nullCase = local.testCase_browser_nullCase || function (","            options,","            onError","        ) {","        /*","         * this function will test browsers's null-case handling-behavior-behavior","         */","            onError(null, options);","        };","","        // run tests","        local.nop(local.modeTest &&","            document.querySelector('#testRunButton1') &&","            document.querySelector('#testRunButton1').click());","        break;","","","","    // run node js-env code - post-init","    /* istanbul ignore next */","    case 'node':","        local.testCase_buildApidoc_default = local.testCase_buildApidoc_default || function (","            options,","            onError","        ) {","        /*","         * this function will test buildApidoc's default handling-behavior-behavior","         */","            options = { modulePathList: module.paths };","            local.buildApidoc(options, onError);","        };","","        local.testCase_buildApp_default = local.testCase_buildApp_default || function (","            options,","            onError","        ) {","        /*","         * this function will test buildApp's default handling-behavior-behavior","         */","            local.testCase_buildReadme_default(options, local.onErrorThrow);","            local.testCase_buildLib_default(options, local.onErrorThrow);","            local.testCase_buildTest_default(options, local.onErrorThrow);","            local.testCase_buildCustomOrg_default(options, local.onErrorThrow);","            options = [];","            local.buildApp(options, onError);","        };","","        local.testCase_buildCustomOrg_default = local.testCase_buildCustomOrg_default ||","            function (options, onError) {","            /*","             * this function will test buildCustomOrg's default handling-behavior","             */","                options = {};","                local.buildCustomOrg(options, onError);","            };","","        local.testCase_buildLib_default = local.testCase_buildLib_default || function (","            options,","            onError","        ) {","        /*","         * this function will test buildLib's default handling-behavior","         */","            options = {};","            local.buildLib(options, onError);","        };","","        local.testCase_buildReadme_default = local.testCase_buildReadme_default || function (","            options,","            onError","        ) {","        /*","         * this function will test buildReadme's default handling-behavior-behavior","         */","            options = {};","            local.buildReadme(options, onError);","        };","","        local.testCase_buildTest_default = local.testCase_buildTest_default || function (","            options,","            onError","        ) {","        /*","         * this function will test buildTest's default handling-behavior","         */","            options = {};","            local.buildTest(options, onError);","        };","","        local.testCase_webpage_default = local.testCase_webpage_default || function (","            options,","            onError","        ) {","        /*","         * this function will test webpage's default handling-behavior","         */","            options = { modeCoverageMerge: true, url: local.serverLocalHost + '?modeTest=1' };","            local.browserTest(options, onError);","        };","","        // run test-server","        local.testRunServer(local);","        break;","    }","}());",""],"l":{"12":2,"14":2,"19":2,"21":2,"23":2,"24":2,"25":2,"30":1,"37":2,"40":2,"43":1,"47":1,"50":1,"52":1,"55":2,"61":2,"62":2,"64":2,"70":1,"76":1,"82":2,"83":2,"85":2,"91":1,"98":1,"102":1,"105":1,"112":1,"119":1,"120":1,"123":1,"130":1,"131":1,"132":1,"133":1,"134":1,"135":1,"138":1,"143":2,"144":2,"147":1,"154":2,"155":2,"158":1,"165":2,"166":2,"169":1,"176":2,"177":2,"180":1,"187":1,"188":1,"192":1,"193":1}},"/home/travis/build/npmtest/node-npmtest-hamljs/lib.npmtest_hamljs.js":{"path":"/home/travis/build/npmtest/node-npmtest-hamljs/lib.npmtest_hamljs.js","s":{"1":2,"2":2,"3":2,"4":2,"5":2,"6":2,"7":2,"8":1,"9":2,"10":2,"11":2,"12":2,"13":1,"14":1,"15":1,"16":1},"b":{"1":[2,1,1,1],"2":[1,1,1,1],"3":[1,1],"4":[2,2],"5":[1,1]},"f":{"1":2,"2":2,"3":2},"fnMap":{"1":{"name":"(anonymous_1)","line":12,"loc":{"start":{"line":12,"column":1},"end":{"line":12,"column":13}}},"2":{"name":"(anonymous_2)","line":19,"loc":{"start":{"line":19,"column":5},"end":{"line":19,"column":17}}},"3":{"name":"(anonymous_3)","line":23,"loc":{"start":{"line":23,"column":24},"end":{"line":23,"column":36}}}},"statementMap":{"1":{"start":{"line":12,"column":0},"end":{"line":53,"column":5}},"2":{"start":{"line":14,"column":4},"end":{"line":14,"column":14}},"3":{"start":{"line":19,"column":4},"end":{"line":52,"column":9}},"4":{"start":{"line":21,"column":8},"end":{"line":21,"column":19}},"5":{"start":{"line":23,"column":8},"end":{"line":35,"column":13}},"6":{"start":{"line":24,"column":12},"end":{"line":34,"column":13}},"7":{"start":{"line":25,"column":16},"end":{"line":28,"column":30}},"8":{"start":{"line":30,"column":16},"end":{"line":33,"column":27}},"9":{"start":{"line":37,"column":8},"end":{"line":39,"column":21}},"10":{"start":{"line":41,"column":8},"end":{"line":41,"column":54}},"11":{"start":{"line":43,"column":8},"end":{"line":43,"column":51}},"12":{"start":{"line":45,"column":8},"end":{"line":51,"column":9}},"13":{"start":{"line":46,"column":12},"end":{"line":46,"column":57}},"14":{"start":{"line":48,"column":12},"end":{"line":48,"column":35}},"15":{"start":{"line":49,"column":12},"end":{"line":49,"column":49}},"16":{"start":{"line":50,"column":12},"end":{"line":50,"column":43}}},"branchMap":{"1":{"line":25,"type":"binary-expr","locations":[{"start":{"line":25,"column":23},"end":{"line":25,"column":62}},{"start":{"line":26,"column":20},"end":{"line":26,"column":70}},{"start":{"line":27,"column":20},"end":{"line":27,"column":71}},{"start":{"line":28,"column":20},"end":{"line":28,"column":29}}]},"2":{"line":30,"type":"binary-expr","locations":[{"start":{"line":30,"column":23},"end":{"line":30,"column":37}},{"start":{"line":31,"column":20},"end":{"line":31,"column":61}},{"start":{"line":32,"column":20},"end":{"line":32,"column":70}},{"start":{"line":33,"column":20},"end":{"line":33,"column":26}}]},"3":{"line":37,"type":"cond-expr","locations":[{"start":{"line":38,"column":14},"end":{"line":38,"column":20}},{"start":{"line":39,"column":14},"end":{"line":39,"column":20}}]},"4":{"line":41,"type":"binary-expr","locations":[{"start":{"line":41,"column":16},"end":{"line":41,"column":44}},{"start":{"line":41,"column":48},"end":{"line":41,"column":53}}]},"5":{"line":45,"type":"if","locations":[{"start":{"line":45,"column":8},"end":{"line":45,"column":8}},{"start":{"line":45,"column":8},"end":{"line":45,"column":8}}]}},"code":["/* istanbul instrument in package npmtest_hamljs */","/*jslint","    bitwise: true,","    browser: true,","    maxerr: 8,","    maxlen: 96,","    node: true,","    nomen: true,","    regexp: true,","    stupid: true","*/","(function () {","    'use strict';","    var local;","","","","    // run shared js-env code - pre-init","    (function () {","        // init local","        local = {};","        // init modeJs","        local.modeJs = (function () {","            try {","                return typeof navigator.userAgent === 'string' &&","                    typeof document.querySelector('body') === 'object' &&","                    typeof XMLHttpRequest.prototype.open === 'function' &&","                    'browser';","            } catch (errorCaughtBrowser) {","                return module.exports &&","                    typeof process.versions.node === 'string' &&","                    typeof require('http').createServer === 'function' &&","                    'node';","            }","        }());","        // init global","        local.global = local.modeJs === 'browser'","            ? window","            : global;","        // init utility2_rollup","        local = local.global.utility2_rollup || local;","        // init lib","        local.local = local.npmtest_hamljs = local;","        // init exports","        if (local.modeJs === 'browser') {","            local.global.utility2_npmtest_hamljs = local;","        } else {","            module.exports = local;","            module.exports.__dirname = __dirname;","            module.exports.module = module;","        }","    }());","}());",""],"l":{"12":2,"14":2,"19":2,"21":2,"23":2,"24":2,"25":2,"30":1,"37":2,"41":2,"43":2,"45":2,"46":1,"48":1,"49":1,"50":1}},"/home/travis/build/npmtest/node-npmtest-hamljs/example.js":{"path":"/home/travis/build/npmtest/node-npmtest-hamljs/example.js","s":{"1":2,"2":2,"3":2,"4":2,"5":2,"6":2,"7":2,"8":1,"9":2,"10":2,"11":2,"12":2,"13":1,"14":2,"15":2,"16":2,"17":2,"18":2,"19":0,"20":2,"21":1,"22":1,"23":1,"24":1,"25":1,"26":0,"27":0,"28":1,"29":1,"30":2,"31":0,"32":0,"33":0,"34":1,"35":2,"36":2,"37":3,"38":3,"39":3,"40":3,"41":0,"42":3,"43":3,"44":3,"45":1,"46":3,"47":1,"48":1,"49":1,"50":1,"51":1,"52":1,"53":1,"54":1,"55":1,"56":1,"57":0,"58":1,"59":6,"60":6,"61":1,"62":2,"63":0,"64":2,"65":1,"66":1,"67":0,"68":0,"69":0,"70":0,"71":0,"72":0,"73":0,"74":0,"75":0,"76":0,"77":0,"78":0,"79":0,"80":0,"81":0,"82":0,"83":0},"b":{"1":[2,1,1,1],"2":[1,1,1,1],"3":[1,1],"4":[2,2],"5":[1,1],"6":[1,1],"7":[2,0],"8":[2,1,1,1,1,1],"9":[0,2,0],"10":[1,1],"11":[2,1,1],"12":[1,0],"13":[0,2],"14":[2,0,0,0,0,0,0],"15":[0,3],"16":[3,0],"17":[1,1],"18":[0,1],"19":[1,2,0,2],"20":[1,0],"21":[1,1],"22":[0,0],"23":[0,0],"24":[0,0],"25":[0,0],"26":[0,0],"27":[0,0],"28":[0,0]},"f":{"1":2,"2":2,"3":2,"4":2,"5":2,"6":2,"7":3,"8":3,"9":3,"10":1,"11":6,"12":0},"fnMap":{"1":{"name":"(anonymous_1)","line":26,"loc":{"start":{"line":26,"column":1},"end":{"line":26,"column":13}}},"2":{"name":"(anonymous_2)","line":33,"loc":{"start":{"line":33,"column":5},"end":{"line":33,"column":17}}},"3":{"name":"(anonymous_3)","line":37,"loc":{"start":{"line":37,"column":24},"end":{"line":37,"column":36}}},"4":{"name":"(anonymous_4)","line":69,"loc":{"start":{"line":69,"column":31},"end":{"line":69,"column":48}},"skip":true},"5":{"name":"(anonymous_5)","line":78,"loc":{"start":{"line":78,"column":26},"end":{"line":78,"column":45}},"skip":true},"6":{"name":"(anonymous_6)","line":123,"loc":{"start":{"line":123,"column":33},"end":{"line":123,"column":48}},"skip":true},"7":{"name":"(anonymous_7)","line":125,"loc":{"start":{"line":125,"column":27},"end":{"line":125,"column":39}},"skip":true},"8":{"name":"(anonymous_8)","line":133,"loc":{"start":{"line":133,"column":59},"end":{"line":133,"column":74}},"skip":true},"9":{"name":"(anonymous_9)","line":143,"loc":{"start":{"line":143,"column":45},"end":{"line":143,"column":62}},"skip":true},"10":{"name":"(anonymous_10)","line":144,"loc":{"start":{"line":144,"column":73},"end":{"line":144,"column":92}},"skip":true},"11":{"name":"(anonymous_11)","line":272,"loc":{"start":{"line":272,"column":51},"end":{"line":272,"column":77}},"skip":true},"12":{"name":"(anonymous_12)","line":315,"loc":{"start":{"line":315,"column":32},"end":{"line":315,"column":61}},"skip":true}},"statementMap":{"1":{"start":{"line":26,"column":0},"end":{"line":326,"column":5}},"2":{"start":{"line":28,"column":4},"end":{"line":28,"column":14}},"3":{"start":{"line":33,"column":4},"end":{"line":60,"column":9}},"4":{"start":{"line":35,"column":8},"end":{"line":35,"column":19}},"5":{"start":{"line":37,"column":8},"end":{"line":49,"column":13}},"6":{"start":{"line":38,"column":12},"end":{"line":48,"column":13}},"7":{"start":{"line":39,"column":16},"end":{"line":42,"column":30}},"8":{"start":{"line":44,"column":16},"end":{"line":47,"column":27}},"9":{"start":{"line":51,"column":8},"end":{"line":53,"column":21}},"10":{"start":{"line":55,"column":8},"end":{"line":57,"column":45}},"11":{"start":{"line":59,"column":8},"end":{"line":59,"column":35}},"12":{"start":{"line":61,"column":4},"end":{"line":325,"column":5}},"13":{"start":{"line":69,"column":8},"end":{"line":121,"column":10},"skip":true},"14":{"start":{"line":70,"column":12},"end":{"line":88,"column":13},"skip":true},"15":{"start":{"line":76,"column":16},"end":{"line":87,"column":19},"skip":true},"16":{"start":{"line":79,"column":20},"end":{"line":86,"column":21},"skip":true},"17":{"start":{"line":82,"column":24},"end":{"line":82,"column":43},"skip":true},"18":{"start":{"line":83,"column":24},"end":{"line":83,"column":30},"skip":true},"19":{"start":{"line":85,"column":24},"end":{"line":85,"column":49},"skip":true},"20":{"start":{"line":89,"column":12},"end":{"line":107,"column":13},"skip":true},"21":{"start":{"line":92,"column":16},"end":{"line":102,"column":17},"skip":true},"22":{"start":{"line":93,"column":20},"end":{"line":93,"column":86},"skip":true},"23":{"start":{"line":94,"column":20},"end":{"line":95,"column":45},"skip":true},"24":{"start":{"line":96,"column":20},"end":{"line":96,"column":42},"skip":true},"25":{"start":{"line":97,"column":20},"end":{"line":97,"column":48},"skip":true},"26":{"start":{"line":100,"column":20},"end":{"line":100,"column":85},"skip":true},"27":{"start":{"line":101,"column":20},"end":{"line":101,"column":96},"skip":true},"28":{"start":{"line":103,"column":16},"end":{"line":103,"column":22},"skip":true},"29":{"start":{"line":106,"column":16},"end":{"line":106,"column":22},"skip":true},"30":{"start":{"line":108,"column":12},"end":{"line":120,"column":13},"skip":true},"31":{"start":{"line":114,"column":16},"end":{"line":119,"column":17},"skip":true},"32":{"start":{"line":116,"column":20},"end":{"line":116,"column":78},"skip":true},"33":{"start":{"line":118,"column":20},"end":{"line":118,"column":47},"skip":true},"34":{"start":{"line":123,"column":8},"end":{"line":141,"column":11},"skip":true},"35":{"start":{"line":124,"column":12},"end":{"line":124,"column":54},"skip":true},"36":{"start":{"line":125,"column":12},"end":{"line":140,"column":14},"skip":true},"37":{"start":{"line":126,"column":16},"end":{"line":126,"column":28},"skip":true},"38":{"start":{"line":127,"column":16},"end":{"line":127,"column":69},"skip":true},"39":{"start":{"line":128,"column":16},"end":{"line":128,"column":75},"skip":true},"40":{"start":{"line":129,"column":16},"end":{"line":131,"column":17},"skip":true},"41":{"start":{"line":130,"column":20},"end":{"line":130,"column":27},"skip":true},"42":{"start":{"line":133,"column":16},"end":{"line":137,"column":36},"skip":true},"43":{"start":{"line":134,"column":20},"end":{"line":136,"column":55},"skip":true},"44":{"start":{"line":139,"column":16},"end":{"line":139,"column":57},"skip":true},"45":{"start":{"line":143,"column":8},"end":{"line":147,"column":11},"skip":true},"46":{"start":{"line":144,"column":12},"end":{"line":146,"column":15},"skip":true},"47":{"start":{"line":145,"column":16},"end":{"line":145,"column":70},"skip":true},"48":{"start":{"line":149,"column":8},"end":{"line":149,"column":31},"skip":true},"49":{"start":{"line":150,"column":8},"end":{"line":150,"column":14},"skip":true},"50":{"start":{"line":158,"column":8},"end":{"line":158,"column":31},"skip":true},"51":{"start":{"line":160,"column":8},"end":{"line":160,"column":33},"skip":true},"52":{"start":{"line":161,"column":8},"end":{"line":161,"column":37},"skip":true},"53":{"start":{"line":162,"column":8},"end":{"line":162,"column":35},"skip":true},"54":{"start":{"line":164,"column":8},"end":{"line":164,"column":50},"skip":true},"55":{"start":{"line":166,"column":8},"end":{"line":256,"column":2},"skip":true},"56":{"start":{"line":258,"column":8},"end":{"line":286,"column":9},"skip":true},"57":{"start":{"line":259,"column":12},"end":{"line":269,"column":14},"skip":true},"58":{"start":{"line":271,"column":12},"end":{"line":285,"column":19},"skip":true},"59":{"start":{"line":274,"column":20},"end":{"line":274,"column":35},"skip":true},"60":{"start":{"line":275,"column":20},"end":{"line":284,"column":21},"skip":true},"61":{"start":{"line":277,"column":24},"end":{"line":277,"column":64},"skip":true},"62":{"start":{"line":279,"column":24},"end":{"line":279,"column":40},"skip":true},"63":{"start":{"line":281,"column":24},"end":{"line":281,"column":40},"skip":true},"64":{"start":{"line":283,"column":24},"end":{"line":283,"column":39},"skip":true},"65":{"start":{"line":288,"column":8},"end":{"line":290,"column":9},"skip":true},"66":{"start":{"line":289,"column":12},"end":{"line":289,"column":18},"skip":true},"67":{"start":{"line":291,"column":8},"end":{"line":293,"column":54},"skip":true},"68":{"start":{"line":296,"column":8},"end":{"line":301,"column":37},"skip":true},"69":{"start":{"line":303,"column":8},"end":{"line":303,"column":82},"skip":true},"70":{"start":{"line":306,"column":8},"end":{"line":308,"column":9},"skip":true},"71":{"start":{"line":307,"column":12},"end":{"line":307,"column":82},"skip":true},"72":{"start":{"line":310,"column":8},"end":{"line":312,"column":9},"skip":true},"73":{"start":{"line":311,"column":12},"end":{"line":311,"column":18},"skip":true},"74":{"start":{"line":313,"column":8},"end":{"line":313,"column":54},"skip":true},"75":{"start":{"line":314,"column":8},"end":{"line":314,"column":69},"skip":true},"76":{"start":{"line":315,"column":8},"end":{"line":323,"column":36},"skip":true},"77":{"start":{"line":316,"column":12},"end":{"line":316,"column":61},"skip":true},"78":{"start":{"line":317,"column":12},"end":{"line":320,"column":13},"skip":true},"79":{"start":{"line":318,"column":16},"end":{"line":318,"column":75},"skip":true},"80":{"start":{"line":319,"column":16},"end":{"line":319,"column":23},"skip":true},"81":{"start":{"line":321,"column":12},"end":{"line":321,"column":38},"skip":true},"82":{"start":{"line":322,"column":12},"end":{"line":322,"column":27},"skip":true},"83":{"start":{"line":324,"column":8},"end":{"line":324,"column":14},"skip":true}},"branchMap":{"1":{"line":39,"type":"binary-expr","locations":[{"start":{"line":39,"column":23},"end":{"line":39,"column":62}},{"start":{"line":40,"column":20},"end":{"line":40,"column":70}},{"start":{"line":41,"column":20},"end":{"line":41,"column":71}},{"start":{"line":42,"column":20},"end":{"line":42,"column":29}}]},"2":{"line":44,"type":"binary-expr","locations":[{"start":{"line":44,"column":23},"end":{"line":44,"column":37}},{"start":{"line":45,"column":20},"end":{"line":45,"column":61}},{"start":{"line":46,"column":20},"end":{"line":46,"column":70}},{"start":{"line":47,"column":20},"end":{"line":47,"column":26}}]},"3":{"line":51,"type":"cond-expr","locations":[{"start":{"line":52,"column":14},"end":{"line":52,"column":20}},{"start":{"line":53,"column":14},"end":{"line":53,"column":20}}]},"4":{"line":55,"type":"binary-expr","locations":[{"start":{"line":55,"column":16},"end":{"line":55,"column":44}},{"start":{"line":55,"column":49},"end":{"line":57,"column":43}}]},"5":{"line":55,"type":"cond-expr","locations":[{"start":{"line":56,"column":14},"end":{"line":56,"column":50}},{"start":{"line":57,"column":14},"end":{"line":57,"column":43}}]},"6":{"line":61,"type":"switch","locations":[{"start":{"line":68,"column":4},"end":{"line":150,"column":14},"skip":true},{"start":{"line":156,"column":4},"end":{"line":324,"column":14},"skip":true}]},"7":{"line":70,"type":"if","locations":[{"start":{"line":70,"column":12},"end":{"line":70,"column":12},"skip":true},{"start":{"line":70,"column":12},"end":{"line":70,"column":12},"skip":true}]},"8":{"line":70,"type":"binary-expr","locations":[{"start":{"line":70,"column":16},"end":{"line":70,"column":22},"skip":true},{"start":{"line":70,"column":27},"end":{"line":70,"column":32},"skip":true},{"start":{"line":71,"column":20},"end":{"line":71,"column":39},"skip":true},{"start":{"line":72,"column":20},"end":{"line":72,"column":49},"skip":true},{"start":{"line":73,"column":20},"end":{"line":73,"column":58},"skip":true},{"start":{"line":74,"column":20},"end":{"line":74,"column":69},"skip":true}]},"9":{"line":79,"type":"switch","locations":[{"start":{"line":80,"column":20},"end":{"line":80,"column":33},"skip":true},{"start":{"line":81,"column":20},"end":{"line":83,"column":30},"skip":true},{"start":{"line":84,"column":20},"end":{"line":85,"column":49},"skip":true}]},"10":{"line":89,"type":"switch","locations":[{"start":{"line":90,"column":12},"end":{"line":103,"column":22},"skip":true},{"start":{"line":105,"column":12},"end":{"line":106,"column":22},"skip":true}]},"11":{"line":89,"type":"binary-expr","locations":[{"start":{"line":89,"column":20},"end":{"line":89,"column":25},"skip":true},{"start":{"line":89,"column":29},"end":{"line":89,"column":48},"skip":true},{"start":{"line":89,"column":52},"end":{"line":89,"column":74},"skip":true}]},"12":{"line":92,"type":"if","locations":[{"start":{"line":92,"column":16},"end":{"line":92,"column":16},"skip":true},{"start":{"line":92,"column":16},"end":{"line":92,"column":16},"skip":true}]},"13":{"line":108,"type":"if","locations":[{"start":{"line":108,"column":12},"end":{"line":108,"column":12},"skip":true},{"start":{"line":108,"column":12},"end":{"line":108,"column":12},"skip":true}]},"14":{"line":108,"type":"binary-expr","locations":[{"start":{"line":108,"column":16},"end":{"line":108,"column":61},"skip":true},{"start":{"line":108,"column":66},"end":{"line":108,"column":72},"skip":true},{"start":{"line":108,"column":77},"end":{"line":108,"column":82},"skip":true},{"start":{"line":109,"column":20},"end":{"line":109,"column":39},"skip":true},{"start":{"line":110,"column":20},"end":{"line":110,"column":49},"skip":true},{"start":{"line":111,"column":20},"end":{"line":111,"column":58},"skip":true},{"start":{"line":112,"column":20},"end":{"line":112,"column":68},"skip":true}]},"15":{"line":129,"type":"if","locations":[{"start":{"line":129,"column":16},"end":{"line":129,"column":16},"skip":true},{"start":{"line":129,"column":16},"end":{"line":129,"column":16},"skip":true}]},"16":{"line":134,"type":"cond-expr","locations":[{"start":{"line":135,"column":26},"end":{"line":135,"column":29},"skip":true},{"start":{"line":136,"column":26},"end":{"line":136,"column":54},"skip":true}]},"17":{"line":164,"type":"binary-expr","locations":[{"start":{"line":164,"column":27},"end":{"line":164,"column":43},"skip":true},{"start":{"line":164,"column":47},"end":{"line":164,"column":49},"skip":true}]},"18":{"line":258,"type":"if","locations":[{"start":{"line":258,"column":8},"end":{"line":258,"column":8},"skip":true},{"start":{"line":258,"column":8},"end":{"line":258,"column":8},"skip":true}]},"19":{"line":275,"type":"switch","locations":[{"start":{"line":276,"column":20},"end":{"line":277,"column":64},"skip":true},{"start":{"line":278,"column":20},"end":{"line":279,"column":40},"skip":true},{"start":{"line":280,"column":20},"end":{"line":281,"column":40},"skip":true},{"start":{"line":282,"column":20},"end":{"line":283,"column":39},"skip":true}]},"20":{"line":288,"type":"if","locations":[{"start":{"line":288,"column":8},"end":{"line":288,"column":8},"skip":true},{"start":{"line":288,"column":8},"end":{"line":288,"column":8},"skip":true}]},"21":{"line":288,"type":"binary-expr","locations":[{"start":{"line":288,"column":12},"end":{"line":288,"column":40},"skip":true},{"start":{"line":288,"column":44},"end":{"line":288,"column":67},"skip":true}]},"22":{"line":292,"type":"binary-expr","locations":[{"start":{"line":292,"column":12},"end":{"line":292,"column":50},"skip":true},{"start":{"line":293,"column":12},"end":{"line":293,"column":53},"skip":true}]},"23":{"line":297,"type":"binary-expr","locations":[{"start":{"line":297,"column":12},"end":{"line":297,"column":64},"skip":true},{"start":{"line":298,"column":12},"end":{"line":301,"column":36},"skip":true}]},"24":{"line":303,"type":"binary-expr","locations":[{"start":{"line":303,"column":43},"end":{"line":303,"column":75},"skip":true},{"start":{"line":303,"column":79},"end":{"line":303,"column":81},"skip":true}]},"25":{"line":306,"type":"if","locations":[{"start":{"line":306,"column":8},"end":{"line":306,"column":8},"skip":true},{"start":{"line":306,"column":8},"end":{"line":306,"column":8},"skip":true}]},"26":{"line":310,"type":"if","locations":[{"start":{"line":310,"column":8},"end":{"line":310,"column":8},"skip":true},{"start":{"line":310,"column":8},"end":{"line":310,"column":8},"skip":true}]},"27":{"line":313,"type":"binary-expr","locations":[{"start":{"line":313,"column":27},"end":{"line":313,"column":43},"skip":true},{"start":{"line":313,"column":47},"end":{"line":313,"column":53},"skip":true}]},"28":{"line":317,"type":"if","locations":[{"start":{"line":317,"column":12},"end":{"line":317,"column":12},"skip":true},{"start":{"line":317,"column":12},"end":{"line":317,"column":12},"skip":true}]}},"code":["/*","example.js","","quickstart example","","instruction","    1. save this script as example.js","    2. run the shell command:","        $ npm install npmtest-hamljs && PORT=8081 node example.js","    3. play with the browser-demo on http://127.0.0.1:8081","*/","","","","/* istanbul instrument in package npmtest_hamljs */","/*jslint","    bitwise: true,","    browser: true,","    maxerr: 8,","    maxlen: 96,","    node: true,","    nomen: true,","    regexp: true,","    stupid: true","*/","(function () {","    'use strict';","    var local;","","","","    // run shared js-env code - pre-init","    (function () {","        // init local","        local = {};","        // init modeJs","        local.modeJs = (function () {","            try {","                return typeof navigator.userAgent === 'string' &&","                    typeof document.querySelector('body') === 'object' &&","                    typeof XMLHttpRequest.prototype.open === 'function' &&","                    'browser';","            } catch (errorCaughtBrowser) {","                return module.exports &&","                    typeof process.versions.node === 'string' &&","                    typeof require('http').createServer === 'function' &&","                    'node';","            }","        }());","        // init global","        local.global = local.modeJs === 'browser'","            ? window","            : global;","        // init utility2_rollup","        local = local.global.utility2_rollup || (local.modeJs === 'browser'","            ? local.global.utility2_npmtest_hamljs","            : global.utility2_moduleExports);","        // export local","        local.global.local = local;","    }());","    switch (local.modeJs) {","","","","    // post-init","    // run browser js-env code - post-init","    /* istanbul ignore next */","    case 'browser':","        local.testRunBrowser = function (event) {","            if (!event || (event &&","                    event.currentTarget &&","                    event.currentTarget.className &&","                    event.currentTarget.className.includes &&","                    event.currentTarget.className.includes('onreset'))) {","                // reset output","                Array.from(","                    document.querySelectorAll('body > .resettable')","                ).forEach(function (element) {","                    switch (element.tagName) {","                    case 'INPUT':","                    case 'TEXTAREA':","                        element.value = '';","                        break;","                    default:","                        element.textContent = '';","                    }","                });","            }","            switch (event && event.currentTarget && event.currentTarget.id) {","            case 'testRunButton1':","                // show tests","                if (document.querySelector('#testReportDiv1').style.display === 'none') {","                    document.querySelector('#testReportDiv1').style.display = 'block';","                    document.querySelector('#testRunButton1').textContent =","                        'hide internal test';","                    local.modeTest = true;","                    local.testRunDefault(local);","                // hide tests","                } else {","                    document.querySelector('#testReportDiv1').style.display = 'none';","                    document.querySelector('#testRunButton1').textContent = 'run internal test';","                }","                break;","            // custom-case","            default:","                break;","            }","            if (document.querySelector('#inputTextareaEval1') && (!event || (event &&","                    event.currentTarget &&","                    event.currentTarget.className &&","                    event.currentTarget.className.includes &&","                    event.currentTarget.className.includes('oneval')))) {","                // try to eval input-code","                try {","                    /*jslint evil: true*/","                    eval(document.querySelector('#inputTextareaEval1').value);","                } catch (errorCaught) {","                    console.error(errorCaught);","                }","            }","        };","        // log stderr and stdout to #outputTextareaStdout1","        ['error', 'log'].forEach(function (key) {","            console[key + '_original'] = console[key];","            console[key] = function () {","                var element;","                console[key + '_original'].apply(console, arguments);","                element = document.querySelector('#outputTextareaStdout1');","                if (!element) {","                    return;","                }","                // append text to #outputTextareaStdout1","                element.value += Array.from(arguments).map(function (arg) {","                    return typeof arg === 'string'","                        ? arg","                        : JSON.stringify(arg, null, 4);","                }).join(' ') + '\\n';","                // scroll textarea to bottom","                element.scrollTop = element.scrollHeight;","            };","        });","        // init event-handling","        ['change', 'click', 'keyup'].forEach(function (event) {","            Array.from(document.querySelectorAll('.on' + event)).forEach(function (element) {","                element.addEventListener(event, local.testRunBrowser);","            });","        });","        // run tests","        local.testRunBrowser();","        break;","","","","    // run node js-env code - post-init","    /* istanbul ignore next */","    case 'node':","        // export local","        module.exports = local;","        // require modules","        local.fs = require('fs');","        local.http = require('http');","        local.url = require('url');","        // init assets","        local.assetsDict = local.assetsDict || {};","        /* jslint-ignore-begin */","        local.assetsDict['/assets.index.template.html'] = '\\","<!doctype html>\\n\\","<html lang=\"en\">\\n\\","<head>\\n\\","<meta charset=\"UTF-8\">\\n\\","<meta name=\"viewport\" content=\"width=device-width, initial-scale=1\">\\n\\","<title>{{env.npm_package_name}} (v{{env.npm_package_version}})</title>\\n\\","<style>\\n\\","/*csslint\\n\\","    box-sizing: false,\\n\\","    universal-selector: false\\n\\","*/\\n\\","* {\\n\\","    box-sizing: border-box;\\n\\","}\\n\\","body {\\n\\","    background: #dde;\\n\\","    font-family: Arial, Helvetica, sans-serif;\\n\\","    margin: 2rem;\\n\\","}\\n\\","body > * {\\n\\","    margin-bottom: 1rem;\\n\\","}\\n\\",".utility2FooterDiv {\\n\\","    margin-top: 20px;\\n\\","    text-align: center;\\n\\","}\\n\\","</style>\\n\\","<style>\\n\\","/*csslint\\n\\","*/\\n\\","textarea {\\n\\","    font-family: monospace;\\n\\","    height: 10rem;\\n\\","    width: 100%;\\n\\","}\\n\\","textarea[readonly] {\\n\\","    background: #ddd;\\n\\","}\\n\\","</style>\\n\\","</head>\\n\\","<body>\\n\\","<!-- utility2-comment\\n\\","<div id=\"ajaxProgressDiv1\" style=\"background: #d00; height: 2px; left: 0; margin: 0; padding: 0; position: fixed; top: 0; transition: background 0.5s, width 1.5s; width: 25%;\"></div>\\n\\","utility2-comment -->\\n\\","<h1>\\n\\","<!-- utility2-comment\\n\\","    <a\\n\\","        {{#if env.npm_package_homepage}}\\n\\","        href=\"{{env.npm_package_homepage}}\"\\n\\","        {{/if env.npm_package_homepage}}\\n\\","        target=\"_blank\"\\n\\","    >\\n\\","utility2-comment -->\\n\\","        {{env.npm_package_name}} (v{{env.npm_package_version}})\\n\\","<!-- utility2-comment\\n\\","    </a>\\n\\","utility2-comment -->\\n\\","</h1>\\n\\","<h3>{{env.npm_package_description}}</h3>\\n\\","<!-- utility2-comment\\n\\","<h4><a download href=\"assets.app.js\">download standalone app</a></h4>\\n\\","<button class=\"onclick onreset\" id=\"testRunButton1\">run internal test</button><br>\\n\\","<div id=\"testReportDiv1\" style=\"display: none;\"></div>\\n\\","utility2-comment -->\\n\\","\\n\\","\\n\\","\\n\\","<label>stderr and stdout</label>\\n\\","<textarea class=\"resettable\" id=\"outputTextareaStdout1\" readonly></textarea>\\n\\","<!-- utility2-comment\\n\\","{{#if isRollup}}\\n\\","<script src=\"assets.app.js\"></script>\\n\\","{{#unless isRollup}}\\n\\","utility2-comment -->\\n\\","<script src=\"assets.utility2.rollup.js\"></script>\\n\\","<script src=\"jsonp.utility2._stateInit?callback=window.utility2._stateInit\"></script>\\n\\","<script src=\"assets.npmtest_hamljs.rollup.js\"></script>\\n\\","<script src=\"assets.example.js\"></script>\\n\\","<script src=\"assets.test.js\"></script>\\n\\","<!-- utility2-comment\\n\\","{{/if isRollup}}\\n\\","utility2-comment -->\\n\\","<div class=\"utility2FooterDiv\">\\n\\","    [ this app was created with\\n\\","    <a href=\"https://github.com/kaizhu256/node-utility2\" target=\"_blank\">utility2</a>\\n\\","    ]\\n\\","</div>\\n\\","</body>\\n\\","</html>\\n\\","';","        /* jslint-ignore-end */","        if (local.templateRender) {","            local.assetsDict['/'] = local.templateRender(","                local.assetsDict['/assets.index.template.html'],","                {","                    env: local.objectSetDefault(local.env, {","                        npm_package_description: 'the greatest app in the world!',","                        npm_package_name: 'my-app',","                        npm_package_nameAlias: 'my_app',","                        npm_package_version: '0.0.1'","                    })","                }","            );","        } else {","            local.assetsDict['/'] = local.assetsDict['/assets.index.template.html']","                .replace((/\\{\\{env\\.(\\w+?)\\}\\}/g), function (match0, match1) {","                    // jslint-hack","                    String(match0);","                    switch (match1) {","                    case 'npm_package_description':","                        return 'the greatest app in the world!';","                    case 'npm_package_name':","                        return 'my-app';","                    case 'npm_package_nameAlias':","                        return 'my_app';","                    case 'npm_package_version':","                        return '0.0.1';","                    }","                });","        }","        // run the cli","        if (local.global.utility2_rollup || module !== require.main) {","            break;","        }","        local.assetsDict['/assets.example.js'] =","            local.assetsDict['/assets.example.js'] ||","            local.fs.readFileSync(__filename, 'utf8');","        // bug-workaround - long $npm_package_buildCustomOrg","        /* jslint-ignore-begin */","        local.assetsDict['/assets.npmtest_hamljs.rollup.js'] =","            local.assetsDict['/assets.npmtest_hamljs.rollup.js'] ||","            local.fs.readFileSync(","                local.npmtest_hamljs.__dirname + '/lib.npmtest_hamljs.js',","                'utf8'","            ).replace((/^#!/), '//');","        /* jslint-ignore-end */","        local.assetsDict['/favicon.ico'] = local.assetsDict['/favicon.ico'] || '';","        // if $npm_config_timeout_exit exists,","        // then exit this process after $npm_config_timeout_exit ms","        if (Number(process.env.npm_config_timeout_exit)) {","            setTimeout(process.exit, Number(process.env.npm_config_timeout_exit));","        }","        // start server","        if (local.global.utility2_serverHttp1) {","            break;","        }","        process.env.PORT = process.env.PORT || '8081';","        console.error('server starting on port ' + process.env.PORT);","        local.http.createServer(function (request, response) {","            request.urlParsed = local.url.parse(request.url);","            if (local.assetsDict[request.urlParsed.pathname] !== undefined) {","                response.end(local.assetsDict[request.urlParsed.pathname]);","                return;","            }","            response.statusCode = 404;","            response.end();","        }).listen(process.env.PORT);","        break;","    }","}());",""],"l":{"26":2,"28":2,"33":2,"35":2,"37":2,"38":2,"39":2,"44":1,"51":2,"55":2,"59":2,"61":2,"69":1,"70":2,"76":2,"79":2,"82":2,"83":2,"85":1,"89":2,"92":1,"93":1,"94":1,"96":1,"97":1,"100":1,"101":1,"103":1,"106":1,"108":2,"114":1,"116":1,"118":1,"123":1,"124":2,"125":2,"126":3,"127":3,"128":3,"129":3,"130":1,"133":3,"134":3,"139":3,"143":1,"144":3,"145":1,"149":1,"150":1,"158":1,"160":1,"161":1,"162":1,"164":1,"166":1,"258":1,"259":1,"271":1,"274":6,"275":6,"277":1,"279":2,"281":1,"283":2,"288":1,"289":1,"291":1,"296":1,"303":1,"306":1,"307":1,"310":1,"311":1,"313":1,"314":1,"315":1,"316":1,"317":1,"318":1,"319":1,"321":1,"322":1,"324":1}},"/home/travis/build/npmtest/node-npmtest-hamljs/node_modules/hamljs/lib/haml.js":{"path":"/home/travis/build/npmtest/node-npmtest-hamljs/node_modules/hamljs/lib/haml.js","s":{"1":1,"2":1,"3":1,"4":1,"5":1,"6":1,"7":1,"8":0,"9":0,"10":0,"11":1,"12":0,"13":0,"14":0,"15":1,"16":1,"17":1,"18":1,"19":0,"20":1,"21":0,"22":1,"23":0,"24":0,"25":0,"26":0,"27":0,"28":0,"29":0,"30":0,"31":0,"32":0,"33":0,"34":0,"35":0,"36":0,"37":0,"38":0,"39":0,"40":0,"41":0,"42":0,"43":0,"44":0,"45":0,"46":0,"47":0,"48":0,"49":0,"50":1,"51":0,"52":0,"53":0,"54":1,"55":45,"56":117,"57":9,"58":0,"59":0,"60":0,"61":9,"62":0,"63":0,"64":9,"65":0,"66":0,"67":0,"68":9,"69":9,"70":0,"71":0,"72":0,"73":0,"74":0,"75":0,"76":0,"77":0,"78":0,"79":0,"80":0,"81":0,"82":9,"83":9,"84":0,"85":0,"86":0,"87":0,"88":0,"89":0,"90":0,"91":9,"92":0,"93":0,"94":0,"95":0,"96":0,"97":0,"98":0,"99":0,"100":0,"101":0,"102":0,"103":0,"104":0,"105":0,"106":0,"107":9,"108":9,"109":9,"110":0,"111":0,"112":0,"113":9,"114":0,"115":0,"116":0,"117":9,"118":0,"119":0,"120":0,"121":9,"122":0,"123":0,"124":0,"125":0,"126":0,"127":0,"128":0,"129":9,"130":0,"131":0,"132":0,"133":0,"134":0,"135":0,"136":0,"137":0,"138":0,"139":0,"140":0,"141":9,"142":0,"143":0,"144":0,"145":0,"146":0,"147":0,"148":9,"149":0,"150":0,"151":0,"152":0,"153":0,"154":0,"155":0,"156":0,"157":0,"158":0,"159":0,"160":0,"161":0,"162":0,"163":0,"164":0,"165":0,"166":0,"167":0,"168":0,"169":0,"170":9,"171":9,"172":0,"173":0,"174":0,"175":0,"176":0,"177":0,"178":0,"179":0,"180":0,"181":1,"182":0,"183":1,"184":0,"185":0,"186":0,"187":0,"188":0,"189":0,"190":0,"191":0,"192":0,"193":0,"194":0,"195":0,"196":0,"197":0,"198":0,"199":1,"200":0,"201":0,"202":0,"203":0,"204":1,"205":0,"206":0,"207":0,"208":0,"209":0,"210":0,"211":0,"212":0,"213":0,"214":0,"215":0,"216":0,"217":0,"218":0,"219":0,"220":0,"221":0,"222":0,"223":1,"224":0,"225":0,"226":0,"227":0,"228":0,"229":0,"230":0,"231":0,"232":0,"233":0,"234":0,"235":1},"b":{"1":[0,0],"2":[0,0],"3":[0,0],"4":[0,0],"5":[0,0],"6":[0,0],"7":[0,0],"8":[0,0],"9":[0,0],"10":[0,0],"11":[0,0,0],"12":[0,0],"13":[0,0],"14":[0,0,0,0],"15":[0,0],"16":[0,0,0],"17":[0,0],"18":[0,0],"19":[0,0],"20":[0,0,0,0,0,0],"21":[0,0],"22":[9,0],"23":[0,0],"24":[0,0],"25":[0,0],"26":[0,0],"27":[0,0],"28":[0,0],"29":[0,0],"30":[0,0],"31":[0,0],"32":[0,0,0,0,0,0,0,0,0,0,0,0,0,0,0,0,0],"33":[0,0],"34":[0,0],"35":[0,0],"36":[0,0],"37":[0,0],"38":[0,0],"39":[0,0],"40":[0,0],"41":[0,0],"42":[0,0],"43":[0,0],"44":[0,0],"45":[0,0],"46":[0,0],"47":[0,0],"48":[0,0],"49":[0,0],"50":[0,0],"51":[0,0],"52":[0,0],"53":[0,0],"54":[0,0],"55":[0,0]},"f":{"1":0,"2":0,"3":0,"4":0,"5":0,"6":0,"7":0,"8":0,"9":45,"10":117,"11":9,"12":9,"13":9,"14":9,"15":9,"16":9,"17":9,"18":9,"19":9,"20":9,"21":9,"22":9,"23":9,"24":9,"25":9,"26":9,"27":0,"28":0,"29":0,"30":0,"31":0,"32":0,"33":0,"34":0,"35":0,"36":0},"fnMap":{"1":{"name":"(anonymous_1)","line":63,"loc":{"start":{"line":63,"column":9},"end":{"line":63,"column":28}}},"2":{"name":"(anonymous_2)","line":71,"loc":{"start":{"line":71,"column":9},"end":{"line":71,"column":28}}},"3":{"name":"(anonymous_3)","line":79,"loc":{"start":{"line":79,"column":14},"end":{"line":79,"column":33}}},"4":{"name":"(anonymous_4)","line":88,"loc":{"start":{"line":88,"column":33},"end":{"line":88,"column":47}}},"5":{"name":"context","line":138,"loc":{"start":{"line":138,"column":0},"end":{"line":138,"column":22}}},"6":{"name":"tokenize","line":152,"loc":{"start":{"line":152,"column":0},"end":{"line":152,"column":23}}},"7":{"name":"error","line":159,"loc":{"start":{"line":159,"column":2},"end":{"line":159,"column":21}}},"8":{"name":"(anonymous_8)","line":204,"loc":{"start":{"line":204,"column":27},"end":{"line":204,"column":51}}},"9":{"name":"(anonymous_9)","line":219,"loc":{"start":{"line":219,"column":10},"end":{"line":219,"column":13}}},"10":{"name":"(anonymous_10)","line":230,"loc":{"start":{"line":230,"column":13},"end":{"line":230,"column":16}}},"11":{"name":"(anonymous_11)","line":239,"loc":{"start":{"line":239,"column":13},"end":{"line":239,"column":16}}},"12":{"name":"(anonymous_12)","line":254,"loc":{"start":{"line":254,"column":10},"end":{"line":254,"column":13}}},"13":{"name":"(anonymous_13)","line":267,"loc":{"start":{"line":267,"column":11},"end":{"line":267,"column":14}}},"14":{"name":"(anonymous_14)","line":279,"loc":{"start":{"line":279,"column":15},"end":{"line":279,"column":18}}},"15":{"name":"(anonymous_15)","line":305,"loc":{"start":{"line":305,"column":11},"end":{"line":305,"column":14}}},"16":{"name":"(anonymous_16)","line":336,"loc":{"start":{"line":336,"column":9},"end":{"line":336,"column":12}}},"17":{"name":"(anonymous_17)","line":367,"loc":{"start":{"line":367,"column":16},"end":{"line":367,"column":19}}},"18":{"name":"(anonymous_18)","line":375,"loc":{"start":{"line":375,"column":16},"end":{"line":375,"column":19}}},"19":{"name":"(anonymous_19)","line":383,"loc":{"start":{"line":383,"column":13},"end":{"line":383,"column":16}}},"20":{"name":"(anonymous_20)","line":395,"loc":{"start":{"line":395,"column":24},"end":{"line":395,"column":27}}},"21":{"name":"(anonymous_21)","line":411,"loc":{"start":{"line":411,"column":13},"end":{"line":411,"column":16}}},"22":{"name":"(anonymous_22)","line":425,"loc":{"start":{"line":425,"column":10},"end":{"line":425,"column":13}}},"23":{"name":"(anonymous_23)","line":443,"loc":{"start":{"line":443,"column":12},"end":{"line":443,"column":15}}},"24":{"name":"(anonymous_24)","line":463,"loc":{"start":{"line":463,"column":13},"end":{"line":463,"column":16}}},"25":{"name":"(anonymous_25)","line":495,"loc":{"start":{"line":495,"column":10},"end":{"line":495,"column":13}}},"26":{"name":"(anonymous_26)","line":543,"loc":{"start":{"line":543,"column":8},"end":{"line":543,"column":11}}},"27":{"name":"(anonymous_27)","line":558,"loc":{"start":{"line":558,"column":10},"end":{"line":558,"column":33}}},"28":{"name":"escape","line":577,"loc":{"start":{"line":577,"column":0},"end":{"line":577,"column":21}}},"29":{"name":"attrs","line":593,"loc":{"start":{"line":593,"column":0},"end":{"line":593,"column":22}}},"30":{"name":"(anonymous_30)","line":625,"loc":{"start":{"line":625,"column":15},"end":{"line":625,"column":37}}},"31":{"name":"(anonymous_31)","line":628,"loc":{"start":{"line":628,"column":9},"end":{"line":628,"column":25}}},"32":{"name":"(anonymous_32)","line":650,"loc":{"start":{"line":650,"column":14},"end":{"line":650,"column":37}}},"33":{"name":"(anonymous_33)","line":655,"loc":{"start":{"line":655,"column":10},"end":{"line":655,"column":20}}},"34":{"name":"(anonymous_34)","line":690,"loc":{"start":{"line":690,"column":18},"end":{"line":690,"column":66}}},"35":{"name":"(anonymous_35)","line":697,"loc":{"start":{"line":697,"column":21},"end":{"line":697,"column":32}}},"36":{"name":"(anonymous_36)","line":701,"loc":{"start":{"line":701,"column":36},"end":{"line":701,"column":55}}}},"statementMap":{"1":{"start":{"line":3,"column":0},"end":{"line":3,"column":14}},"2":{"start":{"line":9,"column":0},"end":{"line":9,"column":22}},"3":{"start":{"line":15,"column":0},"end":{"line":15,"column":15}},"4":{"start":{"line":21,"column":0},"end":{"line":21,"column":28}},"5":{"start":{"line":27,"column":0},"end":{"line":36,"column":3}},"6":{"start":{"line":42,"column":0},"end":{"line":51,"column":1}},"7":{"start":{"line":57,"column":0},"end":{"line":82,"column":1}},"8":{"start":{"line":64,"column":4},"end":{"line":64,"column":17}},"9":{"start":{"line":72,"column":4},"end":{"line":72,"column":43}},"10":{"start":{"line":80,"column":4},"end":{"line":80,"column":89}},"11":{"start":{"line":88,"column":0},"end":{"line":92,"column":1}},"12":{"start":{"line":89,"column":4},"end":{"line":89,"column":27}},"13":{"start":{"line":90,"column":4},"end":{"line":90,"column":22}},"14":{"start":{"line":91,"column":4},"end":{"line":91,"column":46}},"15":{"start":{"line":97,"column":0},"end":{"line":97,"column":25}},"16":{"start":{"line":98,"column":0},"end":{"line":105,"column":3}},"17":{"start":{"line":111,"column":0},"end":{"line":128,"column":1}},"18":{"start":{"line":138,"column":0},"end":{"line":142,"column":1}},"19":{"start":{"line":139,"column":2},"end":{"line":141,"column":26}},"20":{"start":{"line":152,"column":0},"end":{"line":196,"column":1}},"21":{"start":{"line":153,"column":2},"end":{"line":158,"column":63}},"22":{"start":{"line":159,"column":2},"end":{"line":159,"column":74}},"23":{"start":{"line":159,"column":23},"end":{"line":159,"column":73}},"24":{"start":{"line":160,"column":2},"end":{"line":194,"column":3}},"25":{"start":{"line":161,"column":4},"end":{"line":187,"column":7}},"26":{"start":{"line":162,"column":6},"end":{"line":187,"column":7}},"27":{"start":{"line":163,"column":8},"end":{"line":170,"column":9}},"28":{"start":{"line":171,"column":8},"end":{"line":171,"column":44}},"29":{"start":{"line":172,"column":8},"end":{"line":173,"column":19}},"30":{"start":{"line":172,"column":31},"end":{"line":172,"column":37}},"31":{"start":{"line":173,"column":14},"end":{"line":173,"column":19}},"32":{"start":{"line":174,"column":8},"end":{"line":174,"column":42}},"33":{"start":{"line":175,"column":8},"end":{"line":185,"column":54}},"34":{"start":{"line":176,"column":10},"end":{"line":176,"column":100}},"35":{"start":{"line":177,"column":13},"end":{"line":185,"column":54}},"36":{"start":{"line":178,"column":10},"end":{"line":178,"column":93}},"37":{"start":{"line":179,"column":13},"end":{"line":185,"column":54}},"38":{"start":{"line":180,"column":10},"end":{"line":181,"column":56}},"39":{"start":{"line":181,"column":12},"end":{"line":181,"column":56}},"40":{"start":{"line":182,"column":13},"end":{"line":185,"column":54}},"41":{"start":{"line":183,"column":10},"end":{"line":183,"column":53}},"42":{"start":{"line":185,"column":10},"end":{"line":185,"column":54}},"43":{"start":{"line":186,"column":8},"end":{"line":186,"column":29}},"44":{"start":{"line":188,"column":4},"end":{"line":193,"column":42}},"45":{"start":{"line":189,"column":6},"end":{"line":190,"column":26}},"46":{"start":{"line":190,"column":8},"end":{"line":190,"column":26}},"47":{"start":{"line":191,"column":6},"end":{"line":191,"column":18}},"48":{"start":{"line":193,"column":6},"end":{"line":193,"column":42}},"49":{"start":{"line":195,"column":2},"end":{"line":195,"column":39}},"50":{"start":{"line":204,"column":0},"end":{"line":208,"column":1}},"51":{"start":{"line":205,"column":2},"end":{"line":205,"column":25}},"52":{"start":{"line":206,"column":2},"end":{"line":206,"column":29}},"53":{"start":{"line":207,"column":2},"end":{"line":207,"column":24}},"54":{"start":{"line":210,"column":0},"end":{"line":567,"column":1}},"55":{"start":{"line":220,"column":4},"end":{"line":220,"column":25}},"56":{"start":{"line":231,"column":4},"end":{"line":231,"column":45}},"57":{"start":{"line":240,"column":4},"end":{"line":247,"column":5}},"58":{"start":{"line":242,"column":8},"end":{"line":242,"column":14}},"59":{"start":{"line":244,"column":8},"end":{"line":244,"column":27}},"60":{"start":{"line":246,"column":8},"end":{"line":246,"column":70}},"61":{"start":{"line":255,"column":4},"end":{"line":255,"column":39}},"62":{"start":{"line":258,"column":4},"end":{"line":258,"column":50}},"63":{"start":{"line":260,"column":4},"end":{"line":260,"column":21}},"64":{"start":{"line":268,"column":4},"end":{"line":268,"column":16}},"65":{"start":{"line":269,"column":4},"end":{"line":271,"column":15}},"66":{"start":{"line":271,"column":6},"end":{"line":271,"column":15}},"67":{"start":{"line":272,"column":4},"end":{"line":272,"column":16}},"68":{"start":{"line":280,"column":4},"end":{"line":281,"column":19}},"69":{"start":{"line":282,"column":4},"end":{"line":282,"column":16}},"70":{"start":{"line":283,"column":4},"end":{"line":298,"column":7}},"71":{"start":{"line":284,"column":6},"end":{"line":298,"column":7}},"72":{"start":{"line":286,"column":10},"end":{"line":286,"column":61}},"73":{"start":{"line":287,"column":10},"end":{"line":287,"column":15}},"74":{"start":{"line":289,"column":10},"end":{"line":289,"column":19}},"75":{"start":{"line":290,"column":10},"end":{"line":290,"column":61}},"76":{"start":{"line":291,"column":10},"end":{"line":291,"column":15}},"77":{"start":{"line":293,"column":10},"end":{"line":293,"column":19}},"78":{"start":{"line":294,"column":10},"end":{"line":294,"column":47}},"79":{"start":{"line":294,"column":29},"end":{"line":294,"column":47}},"80":{"start":{"line":295,"column":10},"end":{"line":295,"column":15}},"81":{"start":{"line":297,"column":10},"end":{"line":297,"column":56}},"82":{"start":{"line":306,"column":4},"end":{"line":307,"column":16}},"83":{"start":{"line":309,"column":4},"end":{"line":319,"column":7}},"84":{"start":{"line":310,"column":6},"end":{"line":319,"column":7}},"85":{"start":{"line":312,"column":10},"end":{"line":312,"column":56}},"86":{"start":{"line":313,"column":10},"end":{"line":313,"column":15}},"87":{"start":{"line":315,"column":10},"end":{"line":315,"column":60}},"88":{"start":{"line":316,"column":10},"end":{"line":316,"column":15}},"89":{"start":{"line":318,"column":10},"end":{"line":318,"column":81}},"90":{"start":{"line":321,"column":4},"end":{"line":323,"column":10}},"91":{"start":{"line":337,"column":4},"end":{"line":338,"column":71}},"92":{"start":{"line":340,"column":4},"end":{"line":340,"column":72}},"93":{"start":{"line":341,"column":4},"end":{"line":359,"column":5}},"94":{"start":{"line":343,"column":8},"end":{"line":343,"column":17}},"95":{"start":{"line":344,"column":8},"end":{"line":344,"column":13}},"96":{"start":{"line":346,"column":8},"end":{"line":346,"column":31}},"97":{"start":{"line":347,"column":8},"end":{"line":347,"column":14}},"98":{"start":{"line":349,"column":8},"end":{"line":349,"column":20}},"99":{"start":{"line":350,"column":8},"end":{"line":350,"column":13}},"100":{"start":{"line":352,"column":8},"end":{"line":352,"column":23}},"101":{"start":{"line":353,"column":8},"end":{"line":353,"column":13}},"102":{"start":{"line":355,"column":8},"end":{"line":355,"column":23}},"103":{"start":{"line":356,"column":8},"end":{"line":356,"column":13}},"104":{"start":{"line":358,"column":8},"end":{"line":358,"column":18}},"105":{"start":{"line":360,"column":4},"end":{"line":360,"column":51}},"106":{"start":{"line":360,"column":22},"end":{"line":360,"column":51}},"107":{"start":{"line":368,"column":4},"end":{"line":368,"column":40}},"108":{"start":{"line":376,"column":4},"end":{"line":376,"column":58}},"109":{"start":{"line":384,"column":4},"end":{"line":384,"column":68}},"110":{"start":{"line":385,"column":4},"end":{"line":388,"column":69}},"111":{"start":{"line":386,"column":6},"end":{"line":386,"column":62}},"112":{"start":{"line":388,"column":6},"end":{"line":388,"column":69}},"113":{"start":{"line":396,"column":4},"end":{"line":396,"column":35}},"114":{"start":{"line":398,"column":4},"end":{"line":398,"column":41}},"115":{"start":{"line":400,"column":4},"end":{"line":402,"column":17}},"116":{"start":{"line":404,"column":4},"end":{"line":404,"column":31}},"117":{"start":{"line":412,"column":4},"end":{"line":412,"column":16}},"118":{"start":{"line":413,"column":4},"end":{"line":413,"column":24}},"119":{"start":{"line":414,"column":4},"end":{"line":416,"column":17}},"120":{"start":{"line":417,"column":4},"end":{"line":417,"column":23}},"121":{"start":{"line":426,"column":4},"end":{"line":426,"column":31}},"122":{"start":{"line":428,"column":4},"end":{"line":434,"column":5}},"123":{"start":{"line":429,"column":6},"end":{"line":429,"column":25}},"124":{"start":{"line":430,"column":6},"end":{"line":430,"column":24}},"125":{"start":{"line":431,"column":6},"end":{"line":431,"column":16}},"126":{"start":{"line":432,"column":6},"end":{"line":432,"column":24}},"127":{"start":{"line":433,"column":6},"end":{"line":433,"column":12}},"128":{"start":{"line":436,"column":4},"end":{"line":436,"column":23}},"129":{"start":{"line":444,"column":4},"end":{"line":444,"column":33}},"130":{"start":{"line":445,"column":4},"end":{"line":446,"column":67}},"131":{"start":{"line":446,"column":6},"end":{"line":446,"column":67}},"132":{"start":{"line":447,"column":4},"end":{"line":448,"column":73}},"133":{"start":{"line":448,"column":6},"end":{"line":448,"column":73}},"134":{"start":{"line":450,"column":4},"end":{"line":450,"column":49}},"135":{"start":{"line":451,"column":4},"end":{"line":451,"column":33}},"136":{"start":{"line":452,"column":4},"end":{"line":452,"column":33}},"137":{"start":{"line":453,"column":4},"end":{"line":453,"column":18}},"138":{"start":{"line":454,"column":4},"end":{"line":454,"column":40}},"139":{"start":{"line":455,"column":4},"end":{"line":455,"column":34}},"140":{"start":{"line":456,"column":4},"end":{"line":456,"column":27}},"141":{"start":{"line":464,"column":4},"end":{"line":467,"column":23}},"142":{"start":{"line":469,"column":4},"end":{"line":470,"column":80}},"143":{"start":{"line":470,"column":6},"end":{"line":470,"column":80}},"144":{"start":{"line":472,"column":4},"end":{"line":472,"column":73}},"145":{"start":{"line":473,"column":4},"end":{"line":473,"column":78}},"146":{"start":{"line":475,"column":4},"end":{"line":475,"column":14}},"147":{"start":{"line":477,"column":4},"end":{"line":477,"column":22}},"148":{"start":{"line":496,"column":4},"end":{"line":536,"column":5}},"149":{"start":{"line":499,"column":8},"end":{"line":499,"column":56}},"150":{"start":{"line":500,"column":8},"end":{"line":500,"column":23}},"151":{"start":{"line":502,"column":8},"end":{"line":502,"column":23}},"152":{"start":{"line":504,"column":8},"end":{"line":504,"column":20}},"153":{"start":{"line":505,"column":8},"end":{"line":509,"column":9}},"154":{"start":{"line":506,"column":10},"end":{"line":506,"column":43}},"155":{"start":{"line":507,"column":10},"end":{"line":508,"column":24}},"156":{"start":{"line":508,"column":12},"end":{"line":508,"column":24}},"157":{"start":{"line":510,"column":8},"end":{"line":510,"column":41}},"158":{"start":{"line":512,"column":8},"end":{"line":512,"column":27}},"159":{"start":{"line":514,"column":8},"end":{"line":514,"column":24}},"160":{"start":{"line":516,"column":8},"end":{"line":516,"column":45}},"161":{"start":{"line":518,"column":8},"end":{"line":518,"column":27}},"162":{"start":{"line":520,"column":8},"end":{"line":520,"column":26}},"163":{"start":{"line":522,"column":8},"end":{"line":522,"column":38}},"164":{"start":{"line":524,"column":8},"end":{"line":524,"column":27}},"165":{"start":{"line":526,"column":8},"end":{"line":526,"column":30}},"166":{"start":{"line":528,"column":8},"end":{"line":528,"column":30}},"167":{"start":{"line":532,"column":8},"end":{"line":532,"column":20}},"168":{"start":{"line":533,"column":8},"end":{"line":533,"column":24}},"169":{"start":{"line":535,"column":8},"end":{"line":535,"column":59}},"170":{"start":{"line":544,"column":4},"end":{"line":547,"column":5}},"171":{"start":{"line":549,"column":4},"end":{"line":550,"column":15}},"172":{"start":{"line":550,"column":6},"end":{"line":550,"column":15}},"173":{"start":{"line":552,"column":4},"end":{"line":552,"column":42}},"174":{"start":{"line":553,"column":4},"end":{"line":553,"column":23}},"175":{"start":{"line":555,"column":4},"end":{"line":555,"column":30}},"176":{"start":{"line":559,"column":4},"end":{"line":560,"column":23}},"177":{"start":{"line":560,"column":6},"end":{"line":560,"column":23}},"178":{"start":{"line":562,"column":4},"end":{"line":565,"column":46}},"179":{"start":{"line":563,"column":6},"end":{"line":563,"column":48}},"180":{"start":{"line":565,"column":6},"end":{"line":565,"column":46}},"181":{"start":{"line":577,"column":0},"end":{"line":583,"column":1}},"182":{"start":{"line":578,"column":2},"end":{"line":582,"column":28}},"183":{"start":{"line":593,"column":0},"end":{"line":615,"column":1}},"184":{"start":{"line":594,"column":2},"end":{"line":596,"column":14}},"185":{"start":{"line":598,"column":2},"end":{"line":603,"column":49}},"186":{"start":{"line":599,"column":4},"end":{"line":603,"column":49}},"187":{"start":{"line":600,"column":6},"end":{"line":603,"column":49}},"188":{"start":{"line":601,"column":8},"end":{"line":601,"column":40}},"189":{"start":{"line":603,"column":8},"end":{"line":603,"column":49}},"190":{"start":{"line":605,"column":2},"end":{"line":606,"column":43}},"191":{"start":{"line":606,"column":4},"end":{"line":606,"column":43}},"192":{"start":{"line":608,"column":2},"end":{"line":613,"column":58}},"193":{"start":{"line":609,"column":4},"end":{"line":613,"column":58}},"194":{"start":{"line":610,"column":6},"end":{"line":611,"column":40}},"195":{"start":{"line":611,"column":8},"end":{"line":611,"column":40}},"196":{"start":{"line":612,"column":11},"end":{"line":613,"column":58}},"197":{"start":{"line":613,"column":6},"end":{"line":613,"column":58}},"198":{"start":{"line":614,"column":2},"end":{"line":614,"column":22}},"199":{"start":{"line":625,"column":0},"end":{"line":631,"column":2}},"200":{"start":{"line":626,"column":2},"end":{"line":626,"column":40}},"201":{"start":{"line":627,"column":2},"end":{"line":627,"column":66}},"202":{"start":{"line":628,"column":2},"end":{"line":630,"column":4}},"203":{"start":{"line":629,"column":4},"end":{"line":629,"column":57}},"204":{"start":{"line":650,"column":0},"end":{"line":677,"column":1}},"205":{"start":{"line":651,"column":2},"end":{"line":652,"column":29}},"206":{"start":{"line":653,"column":2},"end":{"line":654,"column":75}},"207":{"start":{"line":654,"column":4},"end":{"line":654,"column":75}},"208":{"start":{"line":655,"column":2},"end":{"line":676,"column":26}},"209":{"start":{"line":656,"column":4},"end":{"line":675,"column":5}},"210":{"start":{"line":657,"column":6},"end":{"line":657,"column":12}},"211":{"start":{"line":658,"column":6},"end":{"line":663,"column":7}},"212":{"start":{"line":659,"column":8},"end":{"line":659,"column":41}},"213":{"start":{"line":661,"column":8},"end":{"line":661,"column":41}},"214":{"start":{"line":662,"column":8},"end":{"line":662,"column":63}},"215":{"start":{"line":664,"column":6},"end":{"line":666,"column":74}},"216":{"start":{"line":668,"column":6},"end":{"line":671,"column":46}},"217":{"start":{"line":669,"column":8},"end":{"line":669,"column":70}},"218":{"start":{"line":670,"column":11},"end":{"line":671,"column":46}},"219":{"start":{"line":671,"column":8},"end":{"line":671,"column":46}},"220":{"start":{"line":672,"column":6},"end":{"line":673,"column":67}},"221":{"start":{"line":673,"column":8},"end":{"line":673,"column":67}},"222":{"start":{"line":674,"column":6},"end":{"line":674,"column":15}},"223":{"start":{"line":690,"column":0},"end":{"line":709,"column":1}},"224":{"start":{"line":691,"column":2},"end":{"line":691,"column":25}},"225":{"start":{"line":692,"column":2},"end":{"line":692,"column":25}},"226":{"start":{"line":693,"column":2},"end":{"line":693,"column":49}},"227":{"start":{"line":694,"column":2},"end":{"line":694,"column":72}},"228":{"start":{"line":696,"column":2},"end":{"line":708,"column":3}},"229":{"start":{"line":697,"column":4},"end":{"line":699,"column":7}},"230":{"start":{"line":698,"column":6},"end":{"line":698,"column":48}},"231":{"start":{"line":701,"column":4},"end":{"line":707,"column":7}},"232":{"start":{"line":702,"column":6},"end":{"line":706,"column":7}},"233":{"start":{"line":703,"column":8},"end":{"line":703,"column":21}},"234":{"start":{"line":705,"column":8},"end":{"line":705,"column":49}},"235":{"start":{"line":711,"column":0},"end":{"line":711,"column":22}}},"branchMap":{"1":{"line":162,"type":"if","locations":[{"start":{"line":162,"column":6},"end":{"line":162,"column":6}},{"start":{"line":162,"column":6},"end":{"line":162,"column":6}}]},"2":{"line":167,"type":"cond-expr","locations":[{"start":{"line":168,"column":14},"end":{"line":168,"column":31}},{"start":{"line":169,"column":14},"end":{"line":169,"column":25}}]},"3":{"line":172,"type":"if","locations":[{"start":{"line":172,"column":8},"end":{"line":172,"column":8}},{"start":{"line":172,"column":8},"end":{"line":172,"column":8}}]},"4":{"line":175,"type":"if","locations":[{"start":{"line":175,"column":8},"end":{"line":175,"column":8}},{"start":{"line":175,"column":8},"end":{"line":175,"column":8}}]},"5":{"line":177,"type":"if","locations":[{"start":{"line":177,"column":13},"end":{"line":177,"column":13}},{"start":{"line":177,"column":13},"end":{"line":177,"column":13}}]},"6":{"line":179,"type":"if","locations":[{"start":{"line":179,"column":13},"end":{"line":179,"column":13}},{"start":{"line":179,"column":13},"end":{"line":179,"column":13}}]},"7":{"line":182,"type":"if","locations":[{"start":{"line":182,"column":13},"end":{"line":182,"column":13}},{"start":{"line":182,"column":13},"end":{"line":182,"column":13}}]},"8":{"line":188,"type":"if","locations":[{"start":{"line":188,"column":4},"end":{"line":188,"column":4}},{"start":{"line":188,"column":4},"end":{"line":188,"column":4}}]},"9":{"line":189,"type":"if","locations":[{"start":{"line":189,"column":6},"end":{"line":189,"column":6}},{"start":{"line":189,"column":6},"end":{"line":189,"column":6}}]},"10":{"line":205,"type":"binary-expr","locations":[{"start":{"line":205,"column":12},"end":{"line":205,"column":19}},{"start":{"line":205,"column":23},"end":{"line":205,"column":25}}]},"11":{"line":240,"type":"switch","locations":[{"start":{"line":241,"column":6},"end":{"line":242,"column":14}},{"start":{"line":243,"column":6},"end":{"line":244,"column":27}},{"start":{"line":245,"column":6},"end":{"line":246,"column":70}}]},"12":{"line":269,"type":"binary-expr","locations":[{"start":{"line":269,"column":11},"end":{"line":269,"column":39}},{"start":{"line":270,"column":11},"end":{"line":270,"column":35}}]},"13":{"line":283,"type":"binary-expr","locations":[{"start":{"line":283,"column":11},"end":{"line":283,"column":35}},{"start":{"line":283,"column":39},"end":{"line":283,"column":46}}]},"14":{"line":284,"type":"switch","locations":[{"start":{"line":285,"column":8},"end":{"line":287,"column":15}},{"start":{"line":288,"column":8},"end":{"line":291,"column":15}},{"start":{"line":292,"column":8},"end":{"line":295,"column":15}},{"start":{"line":296,"column":8},"end":{"line":297,"column":56}}]},"15":{"line":294,"type":"if","locations":[{"start":{"line":294,"column":10},"end":{"line":294,"column":10}},{"start":{"line":294,"column":10},"end":{"line":294,"column":10}}]},"16":{"line":310,"type":"switch","locations":[{"start":{"line":311,"column":8},"end":{"line":313,"column":15}},{"start":{"line":314,"column":8},"end":{"line":316,"column":15}},{"start":{"line":317,"column":8},"end":{"line":318,"column":81}}]},"17":{"line":321,"type":"cond-expr","locations":[{"start":{"line":322,"column":8},"end":{"line":322,"column":50}},{"start":{"line":323,"column":8},"end":{"line":323,"column":10}}]},"18":{"line":338,"type":"binary-expr","locations":[{"start":{"line":338,"column":22},"end":{"line":338,"column":31}},{"start":{"line":338,"column":35},"end":{"line":338,"column":71}}]},"19":{"line":340,"type":"cond-expr","locations":[{"start":{"line":340,"column":59},"end":{"line":340,"column":63}},{"start":{"line":340,"column":66},"end":{"line":340,"column":69}}]},"20":{"line":341,"type":"switch","locations":[{"start":{"line":342,"column":6},"end":{"line":344,"column":13}},{"start":{"line":345,"column":6},"end":{"line":347,"column":14}},{"start":{"line":348,"column":6},"end":{"line":350,"column":13}},{"start":{"line":351,"column":6},"end":{"line":353,"column":13}},{"start":{"line":354,"column":6},"end":{"line":356,"column":13}},{"start":{"line":357,"column":6},"end":{"line":358,"column":18}}]},"21":{"line":360,"type":"if","locations":[{"start":{"line":360,"column":4},"end":{"line":360,"column":4}},{"start":{"line":360,"column":4},"end":{"line":360,"column":4}}]},"22":{"line":384,"type":"binary-expr","locations":[{"start":{"line":384,"column":18},"end":{"line":384,"column":55}},{"start":{"line":384,"column":59},"end":{"line":384,"column":68}}]},"23":{"line":385,"type":"if","locations":[{"start":{"line":385,"column":4},"end":{"line":385,"column":4}},{"start":{"line":385,"column":4},"end":{"line":385,"column":4}}]},"24":{"line":400,"type":"cond-expr","locations":[{"start":{"line":401,"column":8},"end":{"line":401,"column":18}},{"start":{"line":402,"column":8},"end":{"line":402,"column":17}}]},"25":{"line":414,"type":"cond-expr","locations":[{"start":{"line":415,"column":8},"end":{"line":415,"column":18}},{"start":{"line":416,"column":8},"end":{"line":416,"column":17}}]},"26":{"line":428,"type":"if","locations":[{"start":{"line":428,"column":4},"end":{"line":428,"column":4}},{"start":{"line":428,"column":4},"end":{"line":428,"column":4}}]},"27":{"line":445,"type":"if","locations":[{"start":{"line":445,"column":4},"end":{"line":445,"column":4}},{"start":{"line":445,"column":4},"end":{"line":445,"column":4}}]},"28":{"line":447,"type":"if","locations":[{"start":{"line":447,"column":4},"end":{"line":447,"column":4}},{"start":{"line":447,"column":4},"end":{"line":447,"column":4}}]},"29":{"line":469,"type":"if","locations":[{"start":{"line":469,"column":4},"end":{"line":469,"column":4}},{"start":{"line":469,"column":4},"end":{"line":469,"column":4}}]},"30":{"line":472,"type":"binary-expr","locations":[{"start":{"line":472,"column":33},"end":{"line":472,"column":36}},{"start":{"line":472,"column":40},"end":{"line":472,"column":47}}]},"31":{"line":473,"type":"binary-expr","locations":[{"start":{"line":473,"column":55},"end":{"line":473,"column":58}},{"start":{"line":473,"column":62},"end":{"line":473,"column":69}}]},"32":{"line":496,"type":"switch","locations":[{"start":{"line":497,"column":6},"end":{"line":497,"column":16}},{"start":{"line":498,"column":6},"end":{"line":500,"column":23}},{"start":{"line":501,"column":6},"end":{"line":502,"column":23}},{"start":{"line":503,"column":6},"end":{"line":510,"column":41}},{"start":{"line":511,"column":6},"end":{"line":512,"column":27}},{"start":{"line":513,"column":6},"end":{"line":514,"column":24}},{"start":{"line":515,"column":6},"end":{"line":516,"column":45}},{"start":{"line":517,"column":6},"end":{"li
[...]
":{"line":365,"column":2},"end":{"line":365,"column":2}}]},"39":{"line":368,"type":"if","locations":[{"start":{"line":368,"column":4},"end":{"line":368,"column":4}},{"start":{"line":368,"column":4},"end":{"line":368,"column":4}}]},"40":{"line":369,"type":"if","locations":[{"start":{"line":369,"column":6},"end":{"line":369,"column":6}},{"start":{"line":369,"column":6},"end":{"line":369,"column":6}}]},"41":{"line":371,"type":"if","locations":[{"start":{"line":371,"column":11},"end":{"line":371,"column":11}},{"start":{"line":371,"column":11},"end":{"line":371,"column":11}}]},"42":{"line":388,"type":"binary-expr","locations":[{"start":{"line":388,"column":24},"end":{"line":388,"column":31}},{"start":{"line":388,"column":35},"end":{"line":388,"column":37}}]},"43":{"line":389,"type":"if","locations":[{"start":{"line":389,"column":2},"end":{"line":389,"column":2}},{"start":{"line":389,"column":2},"end":{"line":389,"column":2}}]},"44":{"line":389,"type":"binary-expr","locations":[{"start":{"line":389,"column":6},"end":{"line":389,"column":19}},{"start":{"line":389,"column":23},"end":{"line":389,"column":40}}]},"45":{"line":394,"type":"if","locations":[{"start":{"line":394,"column":6},"end":{"line":394,"column":6}},{"start":{"line":394,"column":6},"end":{"line":394,"column":6}}]},"46":{"line":394,"type":"binary-expr","locations":[{"start":{"line":394,"column":10},"end":{"line":394,"column":23}},{"start":{"line":394,"column":27},"end":{"line":394,"column":55}}]},"47":{"line":400,"type":"cond-expr","locations":[{"start":{"line":400,"column":30},"end":{"line":400,"column":63}},{"start":{"line":400,"column":66},"end":{"line":400,"column":68}}]},"48":{"line":402,"type":"if","locations":[{"start":{"line":402,"column":6},"end":{"line":402,"column":6}},{"start":{"line":402,"column":6},"end":{"line":402,"column":6}}]},"49":{"line":402,"type":"binary-expr","locations":[{"start":{"line":402,"column":10},"end":{"line":402,"column":16}},{"start":{"line":402,"column":20},"end":{"line":402,"column":44}}]},"50":{"line":404,"type":"if","locations":[{"start":{"line":404,"column":11},"end":{"line":404,"column":11}},{"start":{"line":404,"column":11},"end":{"line":404,"column":11}}]},"51":{"line":406,"type":"if","locations":[{"start":{"line":406,"column":6},"end":{"line":406,"column":6}},{"start":{"line":406,"column":6},"end":{"line":406,"column":6}}]},"52":{"line":414,"type":"binary-expr","locations":[{"start":{"line":414,"column":12},"end":{"line":414,"column":19}},{"start":{"line":414,"column":23},"end":{"line":414,"column":25}}]},"53":{"line":415,"type":"binary-expr","locations":[{"start":{"line":415,"column":21},"end":{"line":415,"column":37}},{"start":{"line":415,"column":41},"end":{"line":415,"column":49}}]},"54":{"line":416,"type":"cond-expr","locations":[{"start":{"line":416,"column":52},"end":{"line":416,"column":65}},{"start":{"line":416,"column":68},"end":{"line":416,"column":72}}]},"55":{"line":417,"type":"if","locations":[{"start":{"line":417,"column":2},"end":{"line":417,"column":2}},{"start":{"line":417,"column":2},"end":{"line":417,"column":2}}]},"56":{"line":423,"type":"if","locations":[{"start":{"line":423,"column":6},"end":{"line":423,"column":6}},{"start":{"line":423,"column":6},"end":{"line":423,"column":6}}]},"57":{"line":436,"type":"cond-expr","locations":[{"start":{"line":436,"column":45},"end":{"line":436,"column":51}},{"start":{"line":436,"column":54},"end":{"line":436,"column":60}}]},"58":{"line":436,"type":"cond-expr","locations":[{"start":{"line":436,"column":94},"end":{"line":436,"column":100}},{"start":{"line":436,"column":103},"end":{"line":436,"column":109}}]}},"code":["// Generated by uRequire v0.6.10 - template: 'AMD' ","(function (window, global) {","  ","var __isAMD = !!(typeof define === 'function' && define.amd),","    __isNode = (typeof exports === 'object'),","    __isWeb = !__isNode;","define(function (require, exports, module) {","  ","","var HAML = {};","HAML.version = \"0.6.2\";","HAML.cache = {};","HAML.errorContextLength = 15;","HAML.selfClosing = [","  \"meta\",","  \"img\",","  \"link\",","  \"br\",","  \"hr\",","  \"input\",","  \"area\",","  \"base\"","];","HAML.doctypes = {","  \"5\": \"<!DOCTYPE html>\",","  \"xml\": \"<?xml version=\\\"1.0\\\" encoding=\\\"utf-8\\\" ?>\",","  \"default\": \"<!DOCTYPE html PUBLIC \\\"-//W3C//DTD XHTML 1.0 Transitional//EN\\\" \\\"http://www.w3.org/TR/xhtml1/DTD/xhtml1-transitional.dtd\\\">\",","  \"strict\": \"<!DOCTYPE html PUBLIC \\\"-//W3C//DTD XHTML 1.0 Strict//EN\\\" \\\"http://www.w3.org/TR/xhtml1/DTD/xhtml1-strict.dtd\\\">\",","  \"frameset\": \"<!DOCTYPE html PUBLIC \\\"-//W3C//DTD XHTML 1.0 Frameset//EN\\\" \\\"http://www.w3.org/TR/xhtml1/DTD/xhtml1-frameset.dtd\\\">\",","  \"1.1\": \"<!DOCTYPE html PUBLIC \\\"-//W3C//DTD XHTML 1.1//EN\\\" \\\"http://www.w3.org/TR/xhtml11/DTD/xhtml11.dtd\\\">\",","  \"basic\": \"<!DOCTYPE html PUBLIC \\\"-//W3C//DTD XHTML Basic 1.1//EN\\\" \\\"http://www.w3.org/TR/xhtml-basic/xhtml-basic11.dtd\\\">\",","  \"mobile\": \"<!DOCTYPE html PUBLIC \\\"-//WAPFORUM//DTD XHTML Mobile 1.2//EN\\\" \\\"http://www.openmobilealliance.org/tech/DTD/xhtml-mobile12.dtd\\\">\"","};","HAML.filters = {","  plain: function (str, buf) {","    buf.push(str);","  },","  cdata: function (str, buf) {","    buf.push(\"<![CDATA[\\n\" + str + \"\\n]]>\");","  },","  javascript: function (str, buf) {","    buf.push(\"<script type=\\\"text/javascript\\\">\\n//<![CDATA[\\n\" + str + \"\\n//]]></script>\");","  }","};","var HamlError = HAML.HamlError = function (msg) {","    this.name = \"HamlError\";","    this.message = msg;","    Error.captureStackTrace(this, HAML.render);","  };","HamlError.super_ = Error;","HamlError.prototype = Object.create(Error.prototype, {","  constructor: {","    value: HamlError,","    enumerable: false,","    writable: true,","    configurable: true","  }","});","var rules = {","    indent: /^\\n( *)(?! *-#)/,","    conditionalComment: /^\\/(\\[[^\\n]+\\])/,","    comment: /^\\n? *\\/ */,","    silentComment: /^\\n? *-#([^\\n]*)/,","    doctype: /^!!! *([^\\n]*)/,","    escape: /^\\\\(.)/,","    filter: /^:(\\w+) */,","    each: /^\\- *each *(\\w+)(?: *, *(\\w+))? * in ([^\\n]+)/,","    code: /^\\-([^\\n]+)/,","    outputCode: /^!=([^\\n]+)/,","    escapeCode: /^=([^\\n]+)/,","    attrs: /^\\{(.*?)\\}/,","    tag: /^%([-a-zA-Z][-a-zA-Z0-9:]*)/,","    class: /^\\.([\\w\\-]+)/,","    id: /^\\#([\\w\\-]+)/,","    text: /^([^\\n]+)/","  };","function context(str) {","  return String(str).substr(0, HAML.errorContextLength).replace(/\\n/g, \"\\\\n\");","}","function tokenize(str) {","  var captures, token, tokens = [], line = 1, lastIndents = 0, str = String(str).trim().replace(/\\r\\n|\\r|\\n *\\n/g, \"\\n\");","  function error(msg) {","    throw new HamlError(\"(Haml):\" + line + \" \" + msg);","  }","  while (str.length) {","    for (var type in rules)","      if (captures = rules[type].exec(str)) {","        token = {","          type: type,","          line: line,","          match: captures[0],","          val: captures.length > 2 ? captures.slice(1) : captures[1]","        };","        str = str.substr(captures[0].length);","        if (type === \"indent\")","          ++line;","        else","          break;","        var indents = token.val.length / 2;","        if (indents % 1)","          error(\"invalid indentation; got \" + token.val.length + \" spaces, should be multiple of 2\");","        else if (indents - 1 > lastIndents)","          error(\"invalid indentation; got \" + indents + \", when previous was \" + lastIndents);","        else if (lastIndents > indents)","          while (lastIndents-- > indents)","            tokens.push({","              type: \"outdent\",","              line: line","            });","        else if (lastIndents !== indents)","          tokens.push({","            type: \"indent\",","            line: line","          });","        else","          tokens.push({","            type: \"newline\",","            line: line","          });","        lastIndents = indents;","      }","    if (token) {","      if (token.type !== \"silentComment\")","        tokens.push(token);","      token = null;","    } else","      error(\"near \\\"\" + context(str) + \"\\\"\");","  }","  return tokens.concat({ type: \"eof\" });","}","var Parser = HAML.Parser = function (str, options) {","    options = options || {};","    this.tokens = tokenize(str);","    this.xml = options.xml;","  };","Parser.prototype = {","  get peek() {","    return this.tokens[0];","  },","  get advance() {","    return this.current = this.tokens.shift();","  },","  get outdent() {","    switch (this.peek.type) {","    case \"eof\":","      return;","    case \"outdent\":","      return this.advance;","    default:","      throw new HamlError(\"expected outdent, got \" + this.peek.type);","    }","  },","  get text() {","    var text = this.advance.val.trim();","    text = text.replace(/#\\{(.*)\\}/, \"\\\" + $1 + \\\"\");","    this.buffer(text);","  },","  get block() {","    this.advance;","    while (this.peek.type !== \"outdent\" && this.peek.type !== \"eof\")","      this.expr;","    this.outdent;","  },","  get textBlock() {","    var token, indents = 1;","    this.advance;","    while (this.peek.type !== \"eof\" && indents)","      switch ((token = this.advance).type) {","      case \"newline\":","        this.buffer(\"\\\\n\" + Array(indents).join(\"  \") + \"\");","        break;","      case \"indent\":","        ++indents;","        this.buffer(\"\\\\n\" + Array(indents).join(\"  \") + \"\");","        break;","      case \"outdent\":","        --indents;","        if (indents === 1)","          this.buffer(\"\\\\n\");","        break;","      default:","        this.buffer(token.match.replace(/\"/g, \"\\\\\\\"\"));","      }","  },","  get attrs() {","    var attrs = [","        \"attrs\",","        \"class\",","        \"id\"","      ], buf = [];","    while (attrs.indexOf(this.peek.type) !== -1)","      switch (this.peek.type) {","      case \"id\":","        buf.push(\"{ id: \\\"\" + this.advance.val + \"\\\" }\");","        break;","      case \"class\":","        buf.push(\"{ class: \\\"\" + this.advance.val + \"\\\" }\");","        break;","      case \"attrs\":","        buf.push(\"{ \" + this.advance.val.replace(/(for) *:/gi, \"\\\"$1\\\":\") + \" }\");","      }","    return buf.length ? \" \\\" + attrs([\" + buf.join(\", \") + \"]) + \\\"\" : \"\";","  },","  get tag() {","    var tag = this.advance.val, selfClosing = !this.xml && HAML.selfClosing.indexOf(tag) !== -1;","    this.buffer(\"\\\\n<\" + tag + this.attrs + (selfClosing ? \"/>\" : \">\"));","    switch (this.peek.type) {","    case \"text\":","      this.text;","      break;","    case \"conditionalComment\":","      this.conditionalComment;","      break;","    case \"comment\":","      this.comment;","      break;","    case \"outputCode\":","      this.outputCode;","      break;","    case \"escapeCode\":","      this.escapeCode;","      break;","    case \"indent\":","      this.block;","    }","    if (!selfClosing)","      this.buffer(\"</\" + tag + \">\");","  },","  get outputCode() {","    this.buffer(this.advance.val, false);","  },","  get escapeCode() {","    this.buffer(\"escape(\" + this.advance.val + \")\", false);","  },","  get doctype() {","    var doctype = this.advance.val.trim().toLowerCase() || \"default\";","    if (doctype in HAML.doctypes)","      this.buffer(HAML.doctypes[doctype].replace(/\"/g, \"\\\\\\\"\"));","    else","      throw new HamlError(\"doctype `\" + doctype + \"' does not exist\");","  },","  get conditionalComment() {","    var condition = this.advance.val;","    this.buffer(\"<!--\" + condition + \">\");","    this.peek.type === \"indent\" ? this.block : this.expr;","    this.buffer(\"<![endif]-->\");","  },","  get comment() {","    this.advance;","    this.buffer(\"<!-- \");","    var buf = this.peek.type === \"indent\" ? this.block : this.expr;","    this.buffer(\" -->\");","  },","  get code() {","    var code = this.advance.val;","    if (this.peek.type === \"indent\") {","      this.buf.push(code);","      this.buf.push(\"{\");","      this.block;","      this.buf.push(\"}\");","      return;","    }","    this.buf.push(code);","  },","  get filter() {","    var filter = this.advance.val;","    if (!(filter in HAML.filters))","      throw new HamlError(\"filter `\" + filter + \"' does not exist\");","    if (this.peek.type !== \"indent\")","      throw new HamlError(\"filter `\" + filter + \"' expects a text block\");","    this.buf.push(\"HAML.filters.\" + filter + \"(\");","    this.buf.push(\"(function(){\");","    this.buf.push(\"var buf = []\");","    this.textBlock;","    this.buf.push(\"return buf.join(\\\"\\\")\");","    this.buf.push(\"}).call(this)\");","    this.buf.push(\", buf)\");","  },","  get iterate() {","    var each = this.advance, key = each.val[1], vals = each.val[2], val = each.val[0];","    if (this.peek.type !== \"indent\")","      throw new HamlError(\"'- each' expects a block, but got \" + this.peek.type);","    this.buf.push(\"for (var \" + (key || \"index\") + \" in \" + vals + \") {\");","    this.buf.push(\"var \" + val + \" = \" + vals + \"[\" + (key || \"index\") + \"];\");","    this.block;","    this.buf.push(\"}\");","  },","  get expr() {","    switch (this.peek.type) {","    case \"id\":","    case \"class\":","      this.tokens.unshift({","        type: \"tag\",","        val: \"div\"","      });","      return this.tag;","    case \"tag\":","      return this.tag;","    case \"text\":","      var buf = [];","      while (this.peek.type === \"text\") {","        buf.push(this.advance.val.trim());","        if (this.peek.type === \"newline\")","          this.advance;","      }","      return this.buffer(buf.join(\" \"));","    case \"each\":","      return this.iterate;","    case \"code\":","      return this.code;","    case \"escape\":","      return this.buffer(this.advance.val);","    case \"doctype\":","      return this.doctype;","    case \"filter\":","      return this.filter;","    case \"conditionalComment\":","      return this.conditionalComment;","    case \"comment\":","      return this.comment;","    case \"escapeCode\":","      return this.escapeCode;","    case \"outputCode\":","      return this.outputCode;","    case \"newline\":","    case \"indent\":","    case \"outdent\":","      this.advance;","      return this.expr;","    default:","      throw new HamlError(\"unexpected \" + this.peek.type);","    }","  },","  get js() {","    this.buf = [","      \"with (locals || {}) {\",","      \"  var buf = [];\"","    ];","    while (this.peek.type !== \"eof\")","      this.expr;","    this.buf.push(\"  return buf.join(\\\"\\\")\");","    this.buf.push(\"}\");","    return this.buf.join(\"\\n\");","  },","  buffer: function (str, quoted) {","    if (typeof quoted === \"undefined\")","      var quoted = true;","    if (quoted)","      this.buf.push(\"  buf.push(\\\"\" + str + \"\\\")\");","    else","      this.buf.push(\"  buf.push(\" + str + \")\");","  }","};","function escape(str) {","  return String(str).replace(/&/g, \"&amp;\").replace(/>/g, \"&gt;\").replace(/</g, \"&lt;\").replace(/\"/g, \"&quot;\");","}","function attrs(attrs) {","  var finalAttrs = {}, classes = [], buf = [];","  for (var i = 0, len = attrs.length; i < len; i++)","    for (var attrName in attrs[i])","      if (attrName === \"class\")","        classes.push(attrs[i][attrName]);","      else","        finalAttrs[attrName] = attrs[i][attrName];","  if (classes.length)","    finalAttrs[\"class\"] = classes.join(\" \");","  for (var key in finalAttrs)","    if (typeof finalAttrs[key] === \"boolean\") {","      if (finalAttrs[key] === true)","        buf.push(key + \"=\\\"\" + key + \"\\\"\");","    } else if (finalAttrs[key])","      buf.push(key + \"=\\\"\" + escape(finalAttrs[key]) + \"\\\"\");","  return buf.join(\" \");","}","HAML.compile = function (str, options) {","  var parser = new Parser(str, options);","  var fn = new Function(\"locals, attrs, escape, HAML\", parser.js);","  return function (locals) {","    return fn.apply(this, [","      locals,","      attrs,","      escape,","      HAML","    ]);","  };","};","HAML.render = function (str, options) {","  var parser, options = options || {};","  if (options.cache && !options.filename)","    throw new Error(\"filename option must be passed when cache is enabled\");","  return function () {","    try {","      var fn;","      if (options.cache && HAML.cache[options.filename])","        fn = HAML.cache[options.filename];","      else {","        parser = new Parser(str, options);","        fn = Function(\"locals, attrs, escape, HAML\", parser.js);","      }","      return (options.cache ? HAML.cache[options.filename] = fn : fn).call(options.context, options.locals, attrs, escape, HAML);","    } catch (err) {","      if (parser && err instanceof HamlError)","        err.message = \"(Haml):\" + parser.peek.line + \" \" + err.message;","      else if (!(err instanceof HamlError))","        err.message = \"(Haml): \" + err.message;","      if (options.filename)","        err.message = err.message.replace(\"Haml\", options.filename);","      throw err;","    }","  }.call(options.context);","};","HAML.renderFile = function (filename, encoding, options, callback) {","  var fs = require(\"fs\");","  options = options || {};","  options.filename = options.filename || filename;","  options.cache = options.hasOwnProperty(\"cache\") ? options.cache : true;","  if (HAML.cache[filename]) {","    process.nextTick(function () {","      callback(null, HAML.render(null, options));","    });","  } else {","    fs.readFile(filename, encoding, function (err, str) {","      if (err) {","        callback(err);","      } else {","        callback(null, HAML.render(str, options));","      }","    });","  }","};","module.exports = HAML;","","return module.exports;","","})","}).call(this, (typeof exports === 'object' ? global : window), (typeof exports === 'object' ? global : window))"],"l":{"2":2,"4":2,"7":2,"10":0,"11":0,"12":0,"13":0,"14":0,"24":0,"34":0,"36":0,"39":0,"42":0,"45":0,"46":0,"47":0,"48":0,"50":0,"51":0,"59":0,"77":1,"78":0,"80":1,"81":0,"82":1,"83":0,"85":0,"86":0,"87":0,"88":0,"94":0,"95":0,"96":0,"98":0,"99":0,"100":0,"101":0,"102":0,"103":0,"104":0,"105":0,"106":0,"110":0,"111":0,"116":0,"120":0,"122":0,"123":0,"124":0,"125":0,"127":0,"129":0,"131":0,"132":0,"133":0,"134":0,"136":0,"138":0,"141":0,"144":0,"146":0,"148":0,"150":0,"154":0,"155":0,"156":0,"159":0,"160":0,"161":0,"162":0,"165":0,"166":0,"167":0,"168":0,"170":0,"171":0,"173":0,"174":0,"175":0,"177":0,"178":0,"179":0,"180":0,"182":0,"186":0,"191":0,"192":0,"194":0,"195":0,"197":0,"198":0,"200":0,"202":0,"205":0,"206":0,"207":0,"209":0,"210":0,"212":0,"213":0,"215":0,"216":0,"218":0,"219":0,"221":0,"222":0,"224":0,"226":0,"227":0,"230":0,"233":0,"236":0,"237":0,"238":0,"240":0,"243":0,"244":0,"245":0,"246":0,"249":0,"250":0,"251":0,"252":0,"255":0,"256":0,"257":0,"258":0,"259":0,"260":0,"261":0,"263":0,"266":0,"267":0,"268":0,"269":0,"270":0,"271":0,"272":0,"273":0,"274":0,"275":0,"276":0,"277":0,"280":0,"281":0,"282":0,"283":0,"284":0,"285":0,"286":0,"289":0,"292":0,"296":0,"298":0,"300":0,"301":0,"302":0,"303":0,"304":0,"306":0,"308":0,"310":0,"312":0,"314":0,"316":0,"318":0,"320":0,"322":0,"324":0,"328":0,"329":0,"331":0,"335":0,"339":0,"340":0,"341":0,"342":0,"343":0,"346":0,"347":0,"348":0,"349":0,"351":0,"354":1,"355":0,"357":1,"358":0,"359":0,"360":0,"361":0,"362":0,"364":0,"365":0,"366":0,"367":0,"368":0,"369":0,"370":0,"371":0,"372":0,"373":0,"375":0,"376":0,"377":0,"378":0,"379":0,"387":0,"388":0,"389":0,"390":0,"391":0,"392":0,"393":0,"394":0,"395":0,"397":0,"398":0,"400":0,"402":0,"403":0,"404":0,"405":0,"406":0,"407":0,"408":0,"412":0,"413":0,"414":0,"415":0,"416":0,"417":0,"418":0,"419":0,"422":0,"423":0,"424":0,"426":0,"431":0,"433":0}}}